{"C:\\Users\\FURKAN\\Desktop\\yasin-karakurt\\yasin-karakurt-backend\\src\\app.ts": {"path":"C:\\Users\\FURKAN\\Desktop\\yasin-karakurt\\yasin-karakurt-backend\\src\\app.ts","statementMap":{"0":{"start":{"line":1,"column":0},"end":{"line":1,"column":30}},"1":{"start":{"line":2,"column":0},"end":{"line":2,"column":24}},"2":{"start":{"line":3,"column":0},"end":{"line":3,"column":28}},"3":{"start":{"line":4,"column":0},"end":{"line":4,"column":28}},"4":{"start":{"line":5,"column":0},"end":{"line":5,"column":43}},"5":{"start":{"line":6,"column":0},"end":{"line":6,"column":35}},"6":{"start":{"line":7,"column":0},"end":{"line":7,"column":33}},"7":{"start":{"line":8,"column":0},"end":{"line":8,"column":71}},"8":{"start":{"line":9,"column":0},"end":{"line":9,"column":24}},"9":{"start":{"line":11,"column":12},"end":{"line":11,"column":21}},"10":{"start":{"line":13,"column":0},"end":{"line":15,"column":4}},"11":{"start":{"line":16,"column":0},"end":{"line":16,"column":66}},"12":{"start":{"line":17,"column":0},"end":{"line":17,"column":69}},"13":{"start":{"line":18,"column":0},"end":{"line":18,"column":41}},"14":{"start":{"line":19,"column":0},"end":{"line":19,"column":48}},"15":{"start":{"line":22,"column":25},"end":{"line":29,"column":1}},"16":{"start":{"line":27,"column":2},"end":{"line":27,"column":64}},"17":{"start":{"line":28,"column":2},"end":{"line":28,"column":9}},"18":{"start":{"line":31,"column":0},"end":{"line":31,"column":90}},"19":{"start":{"line":32,"column":0},"end":{"line":32,"column":108}},"20":{"start":{"line":33,"column":0},"end":{"line":33,"column":108}},"21":{"start":{"line":35,"column":16},"end":{"line":35,"column":65}},"22":{"start":{"line":36,"column":0},"end":{"line":36,"column":25}},"23":{"start":{"line":38,"column":0},"end":{"line":40,"column":3}},"24":{"start":{"line":39,"column":2},"end":{"line":39,"column":85}},"25":{"start":{"line":42,"column":0},"end":{"line":42,"column":30}},"26":{"start":{"line":44,"column":0},"end":{"line":44,"column":18}},"27":{"start":{"line":45,"column":0},"end":{"line":45,"column":22}},"28":{"start":{"line":47,"column":0},"end":{"line":47,"column":19}}},"fnMap":{"0":{"name":"(anonymous_1)","decl":{"start":{"line":22,"column":25},"end":{"line":22,"column":null}},"loc":{"start":{"line":26,"column":4},"end":{"line":29,"column":1}}},"1":{"name":"(anonymous_2)","decl":{"start":{"line":38,"column":19},"end":{"line":38,"column":20}},"loc":{"start":{"line":38,"column":33},"end":{"line":40,"column":1}}}},"branchMap":{"0":{"loc":{"start":{"line":17,"column":15},"end":{"line":17,"column":66}},"type":"cond-expr","locations":[{"start":{"line":17,"column":48},"end":{"line":17,"column":53}},{"start":{"line":17,"column":56},"end":{"line":17,"column":66}}]}},"s":{"0":2,"1":2,"2":2,"3":2,"4":2,"5":2,"6":2,"7":2,"8":2,"9":2,"10":2,"11":2,"12":2,"13":2,"14":2,"15":2,"16":0,"17":0,"18":2,"19":2,"20":2,"21":2,"22":2,"23":2,"24":0,"25":2,"26":2,"27":2,"28":2},"f":{"0":0,"1":0},"b":{"0":[0,2]}}
,"C:\\Users\\FURKAN\\Desktop\\yasin-karakurt\\yasin-karakurt-backend\\src\\socket.ts": {"path":"C:\\Users\\FURKAN\\Desktop\\yasin-karakurt\\yasin-karakurt-backend\\src\\socket.ts","statementMap":{"0":{"start":{"line":1,"column":0},"end":{"line":1,"column":51}},"1":{"start":{"line":3,"column":0},"end":{"line":3,"column":31}},"2":{"start":{"line":4,"column":0},"end":{"line":4,"column":35}},"3":{"start":{"line":6,"column":30},"end":{"line":6,"column":34}},"4":{"start":{"line":8,"column":26},"end":{"line":44,"column":1}},"5":{"start":{"line":9,"column":2},"end":{"line":15,"column":5}},"6":{"start":{"line":17,"column":2},"end":{"line":29,"column":5}},"7":{"start":{"line":18,"column":18},"end":{"line":18,"column":45}},"8":{"start":{"line":19,"column":4},"end":{"line":21,"column":5}},"9":{"start":{"line":20,"column":6},"end":{"line":20,"column":56}},"10":{"start":{"line":22,"column":4},"end":{"line":28,"column":5}},"11":{"start":{"line":23,"column":22},"end":{"line":23,"column":88}},"12":{"start":{"line":24,"column":6},"end":{"line":24,"column":33}},"13":{"start":{"line":25,"column":6},"end":{"line":25,"column":13}},"14":{"start":{"line":27,"column":6},"end":{"line":27,"column":39}},"15":{"start":{"line":31,"column":2},"end":{"line":40,"column":5}},"16":{"start":{"line":32,"column":19},"end":{"line":32,"column":39}},"17":{"start":{"line":33,"column":4},"end":{"line":33,"column":69}},"18":{"start":{"line":35,"column":4},"end":{"line":35,"column":34}},"19":{"start":{"line":37,"column":4},"end":{"line":39,"column":7}},"20":{"start":{"line":38,"column":6},"end":{"line":38,"column":71}},"21":{"start":{"line":42,"column":2},"end":{"line":42,"column":48}},"22":{"start":{"line":43,"column":2},"end":{"line":43,"column":12}},"23":{"start":{"line":8,"column":13},"end":{"line":8,"column":26}},"24":{"start":{"line":46,"column":21},"end":{"line":51,"column":1}},"25":{"start":{"line":47,"column":2},"end":{"line":49,"column":3}},"26":{"start":{"line":48,"column":4},"end":{"line":48,"column":49}},"27":{"start":{"line":50,"column":2},"end":{"line":50,"column":12}},"28":{"start":{"line":46,"column":13},"end":{"line":46,"column":21}},"29":{"start":{"line":53,"column":32},"end":{"line":63,"column":1}},"30":{"start":{"line":61,"column":2},"end":{"line":61,"column":18}},"31":{"start":{"line":61,"column":11},"end":{"line":61,"column":18}},"32":{"start":{"line":62,"column":2},"end":{"line":62,"column":65}},"33":{"start":{"line":53,"column":13},"end":{"line":53,"column":32}}},"fnMap":{"0":{"name":"(anonymous_1)","decl":{"start":{"line":8,"column":26},"end":{"line":8,"column":27}},"loc":{"start":{"line":8,"column":67},"end":{"line":44,"column":1}}},"1":{"name":"(anonymous_2)","decl":{"start":{"line":17,"column":9},"end":{"line":17,"column":10}},"loc":{"start":{"line":17,"column":26},"end":{"line":29,"column":3}}},"2":{"name":"(anonymous_3)","decl":{"start":{"line":31,"column":22},"end":{"line":31,"column":23}},"loc":{"start":{"line":31,"column":33},"end":{"line":40,"column":3}}},"3":{"name":"(anonymous_4)","decl":{"start":{"line":37,"column":28},"end":{"line":37,"column":29}},"loc":{"start":{"line":37,"column":39},"end":{"line":39,"column":5}}},"4":{"name":"(anonymous_5)","decl":{"start":{"line":46,"column":21},"end":{"line":46,"column":38}},"loc":{"start":{"line":46,"column":40},"end":{"line":51,"column":1}}},"5":{"name":"(anonymous_6)","decl":{"start":{"line":53,"column":32},"end":{"line":53,"column":33}},"loc":{"start":{"line":60,"column":5},"end":{"line":63,"column":1}}}},"branchMap":{"0":{"loc":{"start":{"line":19,"column":4},"end":{"line":21,"column":5}},"type":"if","locations":[{"start":{"line":19,"column":4},"end":{"line":21,"column":5}},{"start":{},"end":{}}]},"1":{"loc":{"start":{"line":47,"column":2},"end":{"line":49,"column":3}},"type":"if","locations":[{"start":{"line":47,"column":2},"end":{"line":49,"column":3}},{"start":{},"end":{}}]},"2":{"loc":{"start":{"line":61,"column":2},"end":{"line":61,"column":18}},"type":"if","locations":[{"start":{"line":61,"column":2},"end":{"line":61,"column":18}},{"start":{},"end":{}}]}},"s":{"0":2,"1":2,"2":2,"3":2,"4":2,"5":0,"6":0,"7":0,"8":0,"9":0,"10":0,"11":0,"12":0,"13":0,"14":0,"15":0,"16":0,"17":0,"18":0,"19":0,"20":0,"21":0,"22":0,"23":2,"24":2,"25":0,"26":0,"27":0,"28":2,"29":2,"30":0,"31":0,"32":0,"33":2},"f":{"0":0,"1":0,"2":0,"3":0,"4":0,"5":0},"b":{"0":[0,0],"1":[0,0],"2":[0,0]}}
,"C:\\Users\\FURKAN\\Desktop\\yasin-karakurt\\yasin-karakurt-backend\\src\\config\\cloudinary.ts": {"path":"C:\\Users\\FURKAN\\Desktop\\yasin-karakurt\\yasin-karakurt-backend\\src\\config\\cloudinary.ts","statementMap":{"0":{"start":{"line":1,"column":0},"end":{"line":1,"column":46}},"1":{"start":{"line":2,"column":0},"end":{"line":2,"column":28}},"2":{"start":{"line":3,"column":0},"end":{"line":3,"column":24}},"3":{"start":{"line":4,"column":0},"end":{"line":4,"column":20}},"4":{"start":{"line":6,"column":18},"end":{"line":6,"column":53}},"5":{"start":{"line":7,"column":0},"end":{"line":9,"column":1}},"6":{"start":{"line":8,"column":2},"end":{"line":8,"column":47}},"7":{"start":{"line":11,"column":16},"end":{"line":19,"column":2}},"8":{"start":{"line":13,"column":4},"end":{"line":13,"column":24}},"9":{"start":{"line":16,"column":25},"end":{"line":16,"column":75}},"10":{"start":{"line":17,"column":4},"end":{"line":17,"column":61}},"11":{"start":{"line":21,"column":0},"end":{"line":25,"column":3}},"12":{"start":{"line":27,"column":13},"end":{"line":30,"column":3}},"13":{"start":{"line":32,"column":0},"end":{"line":32,"column":26}}},"fnMap":{"0":{"name":"(anonymous_1)","decl":{"start":{"line":12,"column":15},"end":{"line":12,"column":16}},"loc":{"start":{"line":12,"column":33},"end":{"line":14,"column":3}}},"1":{"name":"(anonymous_2)","decl":{"start":{"line":15,"column":12},"end":{"line":15,"column":13}},"loc":{"start":{"line":15,"column":30},"end":{"line":18,"column":3}}}},"branchMap":{"0":{"loc":{"start":{"line":7,"column":0},"end":{"line":9,"column":1}},"type":"if","locations":[{"start":{"line":7,"column":0},"end":{"line":9,"column":1}},{"start":{},"end":{}}]}},"s":{"0":2,"1":2,"2":2,"3":2,"4":2,"5":2,"6":0,"7":2,"8":0,"9":0,"10":0,"11":2,"12":2,"13":2},"f":{"0":0,"1":0},"b":{"0":[0,2]}}
,"C:\\Users\\FURKAN\\Desktop\\yasin-karakurt\\yasin-karakurt-backend\\src\\config\\database.ts": {"path":"C:\\Users\\FURKAN\\Desktop\\yasin-karakurt\\yasin-karakurt-backend\\src\\config\\database.ts","statementMap":{"0":{"start":{"line":1,"column":0},"end":{"line":1,"column":46}},"1":{"start":{"line":4,"column":24},"end":{"line":4,"column":69}},"2":{"start":{"line":7,"column":13},"end":{"line":11,"column":5}},"3":{"start":{"line":14,"column":0},"end":{"line":14,"column":75}},"4":{"start":{"line":14,"column":43},"end":{"line":14,"column":75}},"5":{"start":{"line":16,"column":0},"end":{"line":16,"column":22}}},"fnMap":{},"branchMap":{"0":{"loc":{"start":{"line":8,"column":2},"end":{"line":11,"column":4}},"type":"binary-expr","locations":[{"start":{"line":8,"column":2},"end":{"line":8,"column":24}},{"start":{"line":9,"column":2},"end":{"line":11,"column":4}}]},"1":{"loc":{"start":{"line":14,"column":0},"end":{"line":14,"column":75}},"type":"if","locations":[{"start":{"line":14,"column":0},"end":{"line":14,"column":75}},{"start":{},"end":{}}]}},"s":{"0":2,"1":2,"2":2,"3":2,"4":2,"5":2},"f":{},"b":{"0":[2,2],"1":[2,0]}}
,"C:\\Users\\FURKAN\\Desktop\\yasin-karakurt\\yasin-karakurt-backend\\src\\config\\env.ts": {"path":"C:\\Users\\FURKAN\\Desktop\\yasin-karakurt\\yasin-karakurt-backend\\src\\config\\env.ts","statementMap":{"0":{"start":{"line":1,"column":0},"end":{"line":1,"column":28}},"1":{"start":{"line":2,"column":0},"end":{"line":2,"column":16}},"2":{"start":{"line":4,"column":13},"end":{"line":18,"column":11}}},"fnMap":{},"branchMap":{"0":{"loc":{"start":{"line":5,"column":12},"end":{"line":5,"column":49}},"type":"binary-expr","locations":[{"start":{"line":5,"column":12},"end":{"line":5,"column":32}},{"start":{"line":5,"column":36},"end":{"line":5,"column":49}}]},"1":{"loc":{"start":{"line":6,"column":17},"end":{"line":6,"column":43}},"type":"binary-expr","locations":[{"start":{"line":6,"column":17},"end":{"line":6,"column":33}},{"start":{"line":6,"column":37},"end":{"line":6,"column":43}}]},"2":{"loc":{"start":{"line":7,"column":16},"end":{"line":7,"column":46}},"type":"binary-expr","locations":[{"start":{"line":7,"column":16},"end":{"line":7,"column":40}},{"start":{"line":7,"column":44},"end":{"line":7,"column":46}}]},"3":{"loc":{"start":{"line":8,"column":14},"end":{"line":8,"column":51}},"type":"binary-expr","locations":[{"start":{"line":8,"column":14},"end":{"line":8,"column":36}},{"start":{"line":8,"column":40},"end":{"line":8,"column":51}}]},"4":{"loc":{"start":{"line":9,"column":18},"end":{"line":9,"column":52}},"type":"binary-expr","locations":[{"start":{"line":9,"column":18},"end":{"line":9,"column":44}},{"start":{"line":9,"column":48},"end":{"line":9,"column":52}}]},"5":{"loc":{"start":{"line":10,"column":22},"end":{"line":10,"column":75}},"type":"binary-expr","locations":[{"start":{"line":10,"column":22},"end":{"line":10,"column":52}},{"start":{"line":10,"column":56},"end":{"line":10,"column":75}}]},"6":{"loc":{"start":{"line":11,"column":26},"end":{"line":11,"column":69}},"type":"binary-expr","locations":[{"start":{"line":11,"column":26},"end":{"line":11,"column":60}},{"start":{"line":11,"column":64},"end":{"line":11,"column":69}}]},"7":{"loc":{"start":{"line":12,"column":18},"end":{"line":12,"column":50}},"type":"binary-expr","locations":[{"start":{"line":12,"column":18},"end":{"line":12,"column":44}},{"start":{"line":12,"column":48},"end":{"line":12,"column":50}}]},"8":{"loc":{"start":{"line":13,"column":21},"end":{"line":13,"column":56}},"type":"binary-expr","locations":[{"start":{"line":13,"column":21},"end":{"line":13,"column":50}},{"start":{"line":13,"column":54},"end":{"line":13,"column":56}}]},"9":{"loc":{"start":{"line":14,"column":19},"end":{"line":14,"column":83}},"type":"binary-expr","locations":[{"start":{"line":14,"column":19},"end":{"line":14,"column":46}},{"start":{"line":14,"column":50},"end":{"line":14,"column":83}}]},"10":{"loc":{"start":{"line":15,"column":29},"end":{"line":15,"column":65}},"type":"binary-expr","locations":[{"start":{"line":15,"column":29},"end":{"line":15,"column":57}},{"start":{"line":15,"column":61},"end":{"line":15,"column":65}}]},"11":{"loc":{"start":{"line":16,"column":14},"end":{"line":16,"column":49}},"type":"binary-expr","locations":[{"start":{"line":16,"column":14},"end":{"line":16,"column":36}},{"start":{"line":16,"column":40},"end":{"line":16,"column":49}}]},"12":{"loc":{"start":{"line":17,"column":20},"end":{"line":17,"column":74}},"type":"binary-expr","locations":[{"start":{"line":17,"column":20},"end":{"line":17,"column":47}},{"start":{"line":17,"column":51},"end":{"line":17,"column":74}}]}},"s":{"0":2,"1":2,"2":2},"f":{},"b":{"0":[2,0],"1":[2,0],"2":[2,0],"3":[2,2],"4":[2,2],"5":[2,2],"6":[2,2],"7":[2,2],"8":[2,2],"9":[2,2],"10":[2,2],"11":[2,2],"12":[2,2]}}
,"C:\\Users\\FURKAN\\Desktop\\yasin-karakurt\\yasin-karakurt-backend\\src\\middleware\\auth.middleware.ts": {"path":"C:\\Users\\FURKAN\\Desktop\\yasin-karakurt\\yasin-karakurt-backend\\src\\middleware\\auth.middleware.ts","statementMap":{"0":{"start":{"line":2,"column":0},"end":{"line":2,"column":31}},"1":{"start":{"line":3,"column":0},"end":{"line":3,"column":36}},"2":{"start":{"line":7,"column":28},"end":{"line":22,"column":1}},"3":{"start":{"line":8,"column":21},"end":{"line":8,"column":46}},"4":{"start":{"line":9,"column":2},"end":{"line":12,"column":3}},"5":{"start":{"line":10,"column":4},"end":{"line":10,"column":74}},"6":{"start":{"line":11,"column":4},"end":{"line":11,"column":11}},"7":{"start":{"line":14,"column":16},"end":{"line":14,"column":40}},"8":{"start":{"line":15,"column":2},"end":{"line":21,"column":3}},"9":{"start":{"line":16,"column":20},"end":{"line":16,"column":67}},"10":{"start":{"line":17,"column":4},"end":{"line":17,"column":23}},"11":{"start":{"line":18,"column":4},"end":{"line":18,"column":11}},"12":{"start":{"line":20,"column":4},"end":{"line":20,"column":91}},"13":{"start":{"line":7,"column":13},"end":{"line":7,"column":28}},"14":{"start":{"line":24,"column":25},"end":{"line":43,"column":1}},"15":{"start":{"line":25,"column":2},"end":{"line":42,"column":4}},"16":{"start":{"line":26,"column":4},"end":{"line":29,"column":5}},"17":{"start":{"line":27,"column":6},"end":{"line":27,"column":85}},"18":{"start":{"line":28,"column":6},"end":{"line":28,"column":13}},"19":{"start":{"line":31,"column":21},"end":{"line":31,"column":34}},"20":{"start":{"line":33,"column":4},"end":{"line":35,"column":5}},"21":{"start":{"line":34,"column":6},"end":{"line":34,"column":20}},"22":{"start":{"line":37,"column":4},"end":{"line":40,"column":5}},"23":{"start":{"line":38,"column":6},"end":{"line":38,"column":86}},"24":{"start":{"line":39,"column":6},"end":{"line":39,"column":13}},"25":{"start":{"line":41,"column":4},"end":{"line":41,"column":11}},"26":{"start":{"line":24,"column":13},"end":{"line":24,"column":25}}},"fnMap":{"0":{"name":"(anonymous_1)","decl":{"start":{"line":7,"column":28},"end":{"line":7,"column":29}},"loc":{"start":{"line":7,"column":90},"end":{"line":22,"column":1}}},"1":{"name":"(anonymous_2)","decl":{"start":{"line":24,"column":25},"end":{"line":24,"column":26}},"loc":{"start":{"line":24,"column":46},"end":{"line":43,"column":1}}},"2":{"name":"(anonymous_3)","decl":{"start":{"line":25,"column":9},"end":{"line":25,"column":10}},"loc":{"start":{"line":25,"column":71},"end":{"line":42,"column":3}}}},"branchMap":{"0":{"loc":{"start":{"line":9,"column":2},"end":{"line":12,"column":3}},"type":"if","locations":[{"start":{"line":9,"column":2},"end":{"line":12,"column":3}},{"start":{},"end":{}}]},"1":{"loc":{"start":{"line":26,"column":4},"end":{"line":29,"column":5}},"type":"if","locations":[{"start":{"line":26,"column":4},"end":{"line":29,"column":5}},{"start":{},"end":{}}]},"2":{"loc":{"start":{"line":33,"column":4},"end":{"line":35,"column":5}},"type":"if","locations":[{"start":{"line":33,"column":4},"end":{"line":35,"column":5}},{"start":{},"end":{}}]},"3":{"loc":{"start":{"line":37,"column":4},"end":{"line":40,"column":5}},"type":"if","locations":[{"start":{"line":37,"column":4},"end":{"line":40,"column":5}},{"start":{},"end":{}}]}},"s":{"0":2,"1":2,"2":2,"3":1,"4":1,"5":0,"6":0,"7":1,"8":1,"9":1,"10":1,"11":1,"12":0,"13":2,"14":2,"15":32,"16":1,"17":0,"18":0,"19":1,"20":1,"21":0,"22":1,"23":0,"24":0,"25":1,"26":2},"f":{"0":1,"1":32,"2":1},"b":{"0":[0,1],"1":[0,1],"2":[0,1],"3":[0,1]}}
,"C:\\Users\\FURKAN\\Desktop\\yasin-karakurt\\yasin-karakurt-backend\\src\\middleware\\error.middleware.ts": {"path":"C:\\Users\\FURKAN\\Desktop\\yasin-karakurt\\yasin-karakurt-backend\\src\\middleware\\error.middleware.ts","statementMap":{"0":{"start":{"line":2,"column":0},"end":{"line":2,"column":36}},"1":{"start":{"line":7,"column":4},"end":{"line":7,"column":19}},"2":{"start":{"line":8,"column":4},"end":{"line":8,"column":33}},"3":{"start":{"line":4,"column":0},"end":{"line":4,"column":13}},"4":{"start":{"line":12,"column":28},"end":{"line":28,"column":1}},"5":{"start":{"line":18,"column":2},"end":{"line":21,"column":3}},"6":{"start":{"line":19,"column":4},"end":{"line":19,"column":78}},"7":{"start":{"line":20,"column":4},"end":{"line":20,"column":11}},"8":{"start":{"line":23,"column":2},"end":{"line":25,"column":3}},"9":{"start":{"line":24,"column":4},"end":{"line":24,"column":23}},"10":{"start":{"line":27,"column":2},"end":{"line":27,"column":69}},"11":{"start":{"line":12,"column":13},"end":{"line":12,"column":28}},"12":{"start":{"line":30,"column":24},"end":{"line":32,"column":1}},"13":{"start":{"line":31,"column":2},"end":{"line":31,"column":75}},"14":{"start":{"line":30,"column":13},"end":{"line":30,"column":24}}},"fnMap":{"0":{"name":"(anonymous_0)","decl":{"start":{"line":6,"column":2},"end":{"line":6,"column":14}},"loc":{"start":{"line":6,"column":49},"end":{"line":9,"column":3}}},"1":{"name":"(anonymous_1)","decl":{"start":{"line":12,"column":28},"end":{"line":12,"column":null}},"loc":{"start":{"line":17,"column":10},"end":{"line":28,"column":1}}},"2":{"name":"(anonymous_2)","decl":{"start":{"line":30,"column":24},"end":{"line":30,"column":25}},"loc":{"start":{"line":30,"column":63},"end":{"line":32,"column":1}}}},"branchMap":{"0":{"loc":{"start":{"line":18,"column":2},"end":{"line":21,"column":3}},"type":"if","locations":[{"start":{"line":18,"column":2},"end":{"line":21,"column":3}},{"start":{},"end":{}}]},"1":{"loc":{"start":{"line":23,"column":2},"end":{"line":25,"column":3}},"type":"if","locations":[{"start":{"line":23,"column":2},"end":{"line":25,"column":3}},{"start":{},"end":{}}]}},"s":{"0":2,"1":2,"2":2,"3":2,"4":2,"5":2,"6":2,"7":2,"8":0,"9":0,"10":0,"11":2,"12":2,"13":0,"14":2},"f":{"0":2,"1":2,"2":0},"b":{"0":[2,0],"1":[0,0]}}
,"C:\\Users\\FURKAN\\Desktop\\yasin-karakurt\\yasin-karakurt-backend\\src\\middleware\\upload.middleware.ts": {"path":"C:\\Users\\FURKAN\\Desktop\\yasin-karakurt\\yasin-karakurt-backend\\src\\middleware\\upload.middleware.ts","statementMap":{"0":{"start":{"line":1,"column":0},"end":{"line":1,"column":28}},"1":{"start":{"line":2,"column":0},"end":{"line":2,"column":24}},"2":{"start":{"line":3,"column":0},"end":{"line":3,"column":36}},"3":{"start":{"line":4,"column":0},"end":{"line":4,"column":20}},"4":{"start":{"line":6,"column":18},"end":{"line":6,"column":64}},"5":{"start":{"line":7,"column":0},"end":{"line":9,"column":1}},"6":{"start":{"line":8,"column":2},"end":{"line":8,"column":47}},"7":{"start":{"line":11,"column":21},"end":{"line":13,"column":2}},"8":{"start":{"line":15,"column":16},"end":{"line":23,"column":2}},"9":{"start":{"line":17,"column":4},"end":{"line":17,"column":24}},"10":{"start":{"line":20,"column":25},"end":{"line":20,"column":75}},"11":{"start":{"line":21,"column":4},"end":{"line":21,"column":61}},"12":{"start":{"line":25,"column":13},"end":{"line":38,"column":3}},"13":{"start":{"line":32,"column":4},"end":{"line":36,"column":5}},"14":{"start":{"line":33,"column":6},"end":{"line":33,"column":21}},"15":{"start":{"line":35,"column":6},"end":{"line":35,"column":71}}},"fnMap":{"0":{"name":"(anonymous_1)","decl":{"start":{"line":16,"column":15},"end":{"line":16,"column":16}},"loc":{"start":{"line":16,"column":35},"end":{"line":18,"column":3}}},"1":{"name":"(anonymous_2)","decl":{"start":{"line":19,"column":12},"end":{"line":19,"column":13}},"loc":{"start":{"line":19,"column":31},"end":{"line":22,"column":3}}},"2":{"name":"(anonymous_3)","decl":{"start":{"line":31,"column":14},"end":{"line":31,"column":15}},"loc":{"start":{"line":31,"column":33},"end":{"line":37,"column":3}}}},"branchMap":{"0":{"loc":{"start":{"line":7,"column":0},"end":{"line":9,"column":1}},"type":"if","locations":[{"start":{"line":7,"column":0},"end":{"line":9,"column":1}},{"start":{},"end":{}}]},"1":{"loc":{"start":{"line":32,"column":4},"end":{"line":36,"column":5}},"type":"if","locations":[{"start":{"line":32,"column":4},"end":{"line":36,"column":5}},{"start":{"line":34,"column":11},"end":{"line":36,"column":5}}]}},"s":{"0":2,"1":2,"2":2,"3":2,"4":2,"5":2,"6":0,"7":2,"8":2,"9":0,"10":0,"11":0,"12":2,"13":0,"14":0,"15":0},"f":{"0":0,"1":0,"2":0},"b":{"0":[0,2],"1":[0,0]}}
,"C:\\Users\\FURKAN\\Desktop\\yasin-karakurt\\yasin-karakurt-backend\\src\\middleware\\validate.middleware.ts": {"path":"C:\\Users\\FURKAN\\Desktop\\yasin-karakurt\\yasin-karakurt-backend\\src\\middleware\\validate.middleware.ts","statementMap":{"0":{"start":{"line":4,"column":24},"end":{"line":18,"column":1}},"1":{"start":{"line":5,"column":2},"end":{"line":17,"column":4}},"2":{"start":{"line":6,"column":19},"end":{"line":6,"column":45}},"3":{"start":{"line":7,"column":4},"end":{"line":14,"column":5}},"4":{"start":{"line":8,"column":6},"end":{"line":12,"column":9}},"5":{"start":{"line":13,"column":6},"end":{"line":13,"column":13}},"6":{"start":{"line":15,"column":4},"end":{"line":15,"column":27}},"7":{"start":{"line":16,"column":4},"end":{"line":16,"column":11}},"8":{"start":{"line":4,"column":13},"end":{"line":4,"column":24}}},"fnMap":{"0":{"name":"(anonymous_0)","decl":{"start":{"line":4,"column":24},"end":{"line":4,"column":25}},"loc":{"start":{"line":4,"column":46},"end":{"line":18,"column":1}}},"1":{"name":"(anonymous_1)","decl":{"start":{"line":5,"column":9},"end":{"line":5,"column":10}},"loc":{"start":{"line":5,"column":67},"end":{"line":17,"column":3}}}},"branchMap":{"0":{"loc":{"start":{"line":7,"column":4},"end":{"line":14,"column":5}},"type":"if","locations":[{"start":{"line":7,"column":4},"end":{"line":14,"column":5}},{"start":{},"end":{}}]}},"s":{"0":2,"1":4,"2":4,"3":4,"4":0,"5":0,"6":4,"7":4,"8":2},"f":{"0":4,"1":4},"b":{"0":[0,4]}}
,"C:\\Users\\FURKAN\\Desktop\\yasin-karakurt\\yasin-karakurt-backend\\src\\modules\\admin\\admin.controller.ts": {"path":"C:\\Users\\FURKAN\\Desktop\\yasin-karakurt\\yasin-karakurt-backend\\src\\modules\\admin\\admin.controller.ts","statementMap":{"0":{"start":{"line":2,"column":0},"end":{"line":2,"column":47}},"1":{"start":{"line":4,"column":0},"end":{"line":4,"column":30}},"2":{"start":{"line":13,"column":28},"end":{"line":70,"column":1}},"3":{"start":{"line":14,"column":2},"end":{"line":69,"column":3}},"4":{"start":{"line":15,"column":22},"end":{"line":15,"column":35}},"5":{"start":{"line":16,"column":4},"end":{"line":19,"column":5}},"6":{"start":{"line":17,"column":6},"end":{"line":17,"column":69}},"7":{"start":{"line":18,"column":6},"end":{"line":18,"column":13}},"8":{"start":{"line":21,"column":53},"end":{"line":21,"column":81}},"9":{"start":{"line":23,"column":4},"end":{"line":26,"column":5}},"10":{"start":{"line":24,"column":6},"end":{"line":24,"column":103}},"11":{"start":{"line":25,"column":6},"end":{"line":25,"column":13}},"12":{"start":{"line":28,"column":25},"end":{"line":30,"column":6}},"13":{"start":{"line":32,"column":4},"end":{"line":35,"column":5}},"14":{"start":{"line":33,"column":6},"end":{"line":33,"column":98}},"15":{"start":{"line":34,"column":6},"end":{"line":34,"column":13}},"16":{"start":{"line":37,"column":27},"end":{"line":37,"column":58}},"17":{"start":{"line":39,"column":19},"end":{"line":57,"column":6}},"18":{"start":{"line":40,"column":22},"end":{"line":46,"column":8}},"19":{"start":{"line":48,"column":6},"end":{"line":54,"column":9}},"20":{"start":{"line":56,"column":6},"end":{"line":56,"column":21}},"21":{"start":{"line":59,"column":4},"end":{"line":66,"column":7}},"22":{"start":{"line":68,"column":4},"end":{"line":68,"column":72}},"23":{"start":{"line":13,"column":13},"end":{"line":13,"column":28}}},"fnMap":{"0":{"name":"(anonymous_1)","decl":{"start":{"line":13,"column":28},"end":{"line":13,"column":33}},"loc":{"start":{"line":13,"column":85},"end":{"line":70,"column":1}}},"1":{"name":"(anonymous_2)","decl":{"start":{"line":39,"column":45},"end":{"line":39,"column":50}},"loc":{"start":{"line":39,"column":58},"end":{"line":57,"column":5}}}},"branchMap":{"0":{"loc":{"start":{"line":16,"column":4},"end":{"line":19,"column":5}},"type":"if","locations":[{"start":{"line":16,"column":4},"end":{"line":19,"column":5}},{"start":{},"end":{}}]},"1":{"loc":{"start":{"line":23,"column":4},"end":{"line":26,"column":5}},"type":"if","locations":[{"start":{"line":23,"column":4},"end":{"line":26,"column":5}},{"start":{},"end":{}}]},"2":{"loc":{"start":{"line":23,"column":8},"end":{"line":23,"column":54}},"type":"binary-expr","locations":[{"start":{"line":23,"column":8},"end":{"line":23,"column":14}},{"start":{"line":23,"column":18},"end":{"line":23,"column":27}},{"start":{"line":23,"column":31},"end":{"line":23,"column":41}},{"start":{"line":23,"column":45},"end":{"line":23,"column":54}}]},"3":{"loc":{"start":{"line":32,"column":4},"end":{"line":35,"column":5}},"type":"if","locations":[{"start":{"line":32,"column":4},"end":{"line":35,"column":5}},{"start":{},"end":{}}]}},"s":{"0":2,"1":2,"2":2,"3":1,"4":1,"5":1,"6":0,"7":0,"8":1,"9":1,"10":0,"11":0,"12":1,"13":1,"14":0,"15":0,"16":1,"17":1,"18":1,"19":1,"20":1,"21":1,"22":0,"23":2},"f":{"0":1,"1":1},"b":{"0":[0,1],"1":[0,1],"2":[1,1,1,1],"3":[0,1]}}
,"C:\\Users\\FURKAN\\Desktop\\yasin-karakurt\\yasin-karakurt-backend\\src\\modules\\admin\\admin.routes.ts": {"path":"C:\\Users\\FURKAN\\Desktop\\yasin-karakurt\\yasin-karakurt-backend\\src\\modules\\admin\\admin.routes.ts","statementMap":{"0":{"start":{"line":1,"column":0},"end":{"line":1,"column":33}},"1":{"start":{"line":2,"column":0},"end":{"line":2,"column":50}},"2":{"start":{"line":3,"column":0},"end":{"line":3,"column":75}},"3":{"start":{"line":5,"column":15},"end":{"line":5,"column":23}},"4":{"start":{"line":7,"column":0},"end":{"line":7,"column":83}},"5":{"start":{"line":9,"column":0},"end":{"line":9,"column":22}}},"fnMap":{},"branchMap":{},"s":{"0":2,"1":2,"2":2,"3":2,"4":2,"5":2},"f":{},"b":{}}
,"C:\\Users\\FURKAN\\Desktop\\yasin-karakurt\\yasin-karakurt-backend\\src\\modules\\auth\\auth.controller.ts": {"path":"C:\\Users\\FURKAN\\Desktop\\yasin-karakurt\\yasin-karakurt-backend\\src\\modules\\auth\\auth.controller.ts","statementMap":{"0":{"start":{"line":2,"column":0},"end":{"line":2,"column":46}},"1":{"start":{"line":5,"column":24},"end":{"line":12,"column":1}},"2":{"start":{"line":6,"column":2},"end":{"line":11,"column":3}},"3":{"start":{"line":7,"column":19},"end":{"line":7,"column":55}},"4":{"start":{"line":8,"column":4},"end":{"line":8,"column":58}},"5":{"start":{"line":10,"column":4},"end":{"line":10,"column":14}},"6":{"start":{"line":5,"column":13},"end":{"line":5,"column":24}},"7":{"start":{"line":14,"column":21},"end":{"line":21,"column":1}},"8":{"start":{"line":15,"column":2},"end":{"line":20,"column":3}},"9":{"start":{"line":16,"column":19},"end":{"line":16,"column":52}},"10":{"start":{"line":17,"column":4},"end":{"line":17,"column":46}},"11":{"start":{"line":19,"column":4},"end":{"line":19,"column":14}},"12":{"start":{"line":14,"column":13},"end":{"line":14,"column":21}},"13":{"start":{"line":23,"column":23},"end":{"line":35,"column":1}},"14":{"start":{"line":24,"column":2},"end":{"line":34,"column":3}},"15":{"start":{"line":25,"column":29},"end":{"line":25,"column":37}},"16":{"start":{"line":26,"column":4},"end":{"line":29,"column":5}},"17":{"start":{"line":27,"column":6},"end":{"line":27,"column":81}},"18":{"start":{"line":28,"column":6},"end":{"line":28,"column":13}},"19":{"start":{"line":30,"column":19},"end":{"line":30,"column":64}},"20":{"start":{"line":31,"column":4},"end":{"line":31,"column":46}},"21":{"start":{"line":33,"column":4},"end":{"line":33,"column":14}},"22":{"start":{"line":23,"column":13},"end":{"line":23,"column":23}},"23":{"start":{"line":37,"column":22},"end":{"line":44,"column":1}},"24":{"start":{"line":38,"column":2},"end":{"line":43,"column":3}},"25":{"start":{"line":39,"column":4},"end":{"line":39,"column":44}},"26":{"start":{"line":40,"column":4},"end":{"line":40,"column":58}},"27":{"start":{"line":42,"column":4},"end":{"line":42,"column":14}},"28":{"start":{"line":37,"column":13},"end":{"line":37,"column":22}},"29":{"start":{"line":46,"column":18},"end":{"line":52,"column":1}},"30":{"start":{"line":47,"column":2},"end":{"line":51,"column":3}},"31":{"start":{"line":48,"column":4},"end":{"line":48,"column":48}},"32":{"start":{"line":50,"column":4},"end":{"line":50,"column":14}},"33":{"start":{"line":46,"column":13},"end":{"line":46,"column":18}}},"fnMap":{"0":{"name":"(anonymous_9)","decl":{"start":{"line":5,"column":24},"end":{"line":5,"column":29}},"loc":{"start":{"line":5,"column":97},"end":{"line":12,"column":1}}},"1":{"name":"(anonymous_10)","decl":{"start":{"line":14,"column":21},"end":{"line":14,"column":26}},"loc":{"start":{"line":14,"column":94},"end":{"line":21,"column":1}}},"2":{"name":"(anonymous_11)","decl":{"start":{"line":23,"column":23},"end":{"line":23,"column":28}},"loc":{"start":{"line":23,"column":96},"end":{"line":35,"column":1}}},"3":{"name":"(anonymous_12)","decl":{"start":{"line":37,"column":22},"end":{"line":37,"column":27}},"loc":{"start":{"line":37,"column":99},"end":{"line":44,"column":1}}},"4":{"name":"(anonymous_13)","decl":{"start":{"line":46,"column":18},"end":{"line":46,"column":23}},"loc":{"start":{"line":46,"column":95},"end":{"line":52,"column":1}}}},"branchMap":{"0":{"loc":{"start":{"line":26,"column":4},"end":{"line":29,"column":5}},"type":"if","locations":[{"start":{"line":26,"column":4},"end":{"line":29,"column":5}},{"start":{},"end":{}}]}},"s":{"0":2,"1":2,"2":0,"3":0,"4":0,"5":0,"6":2,"7":2,"8":4,"9":4,"10":2,"11":2,"12":2,"13":2,"14":0,"15":0,"16":0,"17":0,"18":0,"19":0,"20":0,"21":0,"22":2,"23":2,"24":0,"25":0,"26":0,"27":0,"28":2,"29":2,"30":0,"31":0,"32":0,"33":2},"f":{"0":0,"1":4,"2":0,"3":0,"4":0},"b":{"0":[0,0]}}
,"C:\\Users\\FURKAN\\Desktop\\yasin-karakurt\\yasin-karakurt-backend\\src\\modules\\auth\\auth.routes.ts": {"path":"C:\\Users\\FURKAN\\Desktop\\yasin-karakurt\\yasin-karakurt-backend\\src\\modules\\auth\\auth.routes.ts","statementMap":{"0":{"start":{"line":1,"column":0},"end":{"line":1,"column":33}},"1":{"start":{"line":2,"column":0},"end":{"line":2,"column":24}},"2":{"start":{"line":3,"column":0},"end":{"line":3,"column":52}},"3":{"start":{"line":4,"column":0},"end":{"line":4,"column":64}},"4":{"start":{"line":5,"column":0},"end":{"line":5,"column":64}},"5":{"start":{"line":7,"column":15},"end":{"line":7,"column":23}},"6":{"start":{"line":9,"column":23},"end":{"line":14,"column":2}},"7":{"start":{"line":16,"column":20},"end":{"line":19,"column":2}},"8":{"start":{"line":21,"column":0},"end":{"line":21,"column":76}},"9":{"start":{"line":22,"column":0},"end":{"line":22,"column":67}},"10":{"start":{"line":23,"column":0},"end":{"line":23,"column":48}},"11":{"start":{"line":24,"column":0},"end":{"line":24,"column":60}},"12":{"start":{"line":25,"column":0},"end":{"line":25,"column":51}},"13":{"start":{"line":27,"column":0},"end":{"line":27,"column":22}}},"fnMap":{},"branchMap":{},"s":{"0":2,"1":2,"2":2,"3":2,"4":2,"5":2,"6":2,"7":2,"8":2,"9":2,"10":2,"11":2,"12":2,"13":2},"f":{},"b":{}}
,"C:\\Users\\FURKAN\\Desktop\\yasin-karakurt\\yasin-karakurt-backend\\src\\modules\\auth\\auth.service.ts": {"path":"C:\\Users\\FURKAN\\Desktop\\yasin-karakurt\\yasin-karakurt-backend\\src\\modules\\auth\\auth.service.ts","statementMap":{"0":{"start":{"line":1,"column":0},"end":{"line":1,"column":30}},"1":{"start":{"line":2,"column":0},"end":{"line":2,"column":31}},"2":{"start":{"line":3,"column":0},"end":{"line":3,"column":47}},"3":{"start":{"line":4,"column":0},"end":{"line":4,"column":39}},"4":{"start":{"line":5,"column":0},"end":{"line":5,"column":61}},"5":{"start":{"line":20,"column":24},"end":{"line":21,"column":89}},"6":{"start":{"line":21,"column":2},"end":{"line":21,"column":89}},"7":{"start":{"line":23,"column":25},"end":{"line":24,"column":105}},"8":{"start":{"line":24,"column":2},"end":{"line":24,"column":105}},"9":{"start":{"line":26,"column":24},"end":{"line":49,"column":1}},"10":{"start":{"line":27,"column":19},"end":{"line":27,"column":80}},"11":{"start":{"line":28,"column":2},"end":{"line":28,"column":68}},"12":{"start":{"line":28,"column":16},"end":{"line":28,"column":68}},"13":{"start":{"line":30,"column":17},"end":{"line":30,"column":52}},"14":{"start":{"line":31,"column":15},"end":{"line":40,"column":4}},"15":{"start":{"line":42,"column":33},"end":{"line":42,"column":85}},"16":{"start":{"line":43,"column":22},"end":{"line":43,"column":49}},"17":{"start":{"line":44,"column":23},"end":{"line":44,"column":51}},"18":{"start":{"line":46,"column":2},"end":{"line":46,"column":79}},"19":{"start":{"line":48,"column":2},"end":{"line":48,"column":121}},"20":{"start":{"line":26,"column":13},"end":{"line":26,"column":24}},"21":{"start":{"line":51,"column":21},"end":{"line":68,"column":1}},"22":{"start":{"line":52,"column":15},"end":{"line":55,"column":4}},"23":{"start":{"line":56,"column":2},"end":{"line":56,"column":84}},"24":{"start":{"line":56,"column":31},"end":{"line":56,"column":84}},"25":{"start":{"line":58,"column":16},"end":{"line":58,"column":65}},"26":{"start":{"line":59,"column":2},"end":{"line":59,"column":67}},"27":{"start":{"line":59,"column":14},"end":{"line":59,"column":67}},"28":{"start":{"line":61,"column":33},"end":{"line":61,"column":85}},"29":{"start":{"line":62,"column":22},"end":{"line":62,"column":49}},"30":{"start":{"line":63,"column":23},"end":{"line":63,"column":51}},"31":{"start":{"line":65,"column":2},"end":{"line":65,"column":79}},"32":{"start":{"line":67,"column":2},"end":{"line":67,"column":121}},"33":{"start":{"line":51,"column":13},"end":{"line":51,"column":21}},"34":{"start":{"line":70,"column":29},"end":{"line":87,"column":1}},"35":{"start":{"line":72,"column":2},"end":{"line":76,"column":3}},"36":{"start":{"line":73,"column":4},"end":{"line":73,"column":70}},"37":{"start":{"line":75,"column":4},"end":{"line":75,"column":54}},"38":{"start":{"line":78,"column":15},"end":{"line":78,"column":95}},"39":{"start":{"line":79,"column":2},"end":{"line":79,"column":63}},"40":{"start":{"line":79,"column":13},"end":{"line":79,"column":63}},"41":{"start":{"line":81,"column":33},"end":{"line":81,"column":85}},"42":{"start":{"line":82,"column":22},"end":{"line":82,"column":49}},"43":{"start":{"line":83,"column":23},"end":{"line":83,"column":51}},"44":{"start":{"line":85,"column":2},"end":{"line":85,"column":79}},"45":{"start":{"line":86,"column":2},"end":{"line":86,"column":39}},"46":{"start":{"line":70,"column":13},"end":{"line":70,"column":29}},"47":{"start":{"line":89,"column":22},"end":{"line":91,"column":1}},"48":{"start":{"line":90,"column":2},"end":{"line":90,"column":84}},"49":{"start":{"line":89,"column":13},"end":{"line":89,"column":22}}},"fnMap":{"0":{"name":"(anonymous_1)","decl":{"start":{"line":20,"column":24},"end":{"line":20,"column":25}},"loc":{"start":{"line":21,"column":2},"end":{"line":21,"column":89}}},"1":{"name":"(anonymous_2)","decl":{"start":{"line":23,"column":25},"end":{"line":23,"column":26}},"loc":{"start":{"line":24,"column":2},"end":{"line":24,"column":105}}},"2":{"name":"(anonymous_3)","decl":{"start":{"line":26,"column":24},"end":{"line":26,"column":29}},"loc":{"start":{"line":26,"column":51},"end":{"line":49,"column":1}}},"3":{"name":"(anonymous_4)","decl":{"start":{"line":51,"column":21},"end":{"line":51,"column":26}},"loc":{"start":{"line":51,"column":45},"end":{"line":68,"column":1}}},"4":{"name":"(anonymous_5)","decl":{"start":{"line":70,"column":29},"end":{"line":70,"column":34}},"loc":{"start":{"line":70,"column":53},"end":{"line":87,"column":1}}},"5":{"name":"(anonymous_6)","decl":{"start":{"line":89,"column":22},"end":{"line":89,"column":27}},"loc":{"start":{"line":89,"column":47},"end":{"line":91,"column":1}}}},"branchMap":{"0":{"loc":{"start":{"line":28,"column":2},"end":{"line":28,"column":68}},"type":"if","locations":[{"start":{"line":28,"column":2},"end":{"line":28,"column":68}},{"start":{},"end":{}}]},"1":{"loc":{"start":{"line":56,"column":2},"end":{"line":56,"column":84}},"type":"if","locations":[{"start":{"line":56,"column":2},"end":{"line":56,"column":84}},{"start":{},"end":{}}]},"2":{"loc":{"start":{"line":56,"column":6},"end":{"line":56,"column":29}},"type":"binary-expr","locations":[{"start":{"line":56,"column":6},"end":{"line":56,"column":11}},{"start":{"line":56,"column":15},"end":{"line":56,"column":29}}]},"3":{"loc":{"start":{"line":59,"column":2},"end":{"line":59,"column":67}},"type":"if","locations":[{"start":{"line":59,"column":2},"end":{"line":59,"column":67}},{"start":{},"end":{}}]},"4":{"loc":{"start":{"line":79,"column":2},"end":{"line":79,"column":63}},"type":"if","locations":[{"start":{"line":79,"column":2},"end":{"line":79,"column":63}},{"start":{},"end":{}}]}},"s":{"0":2,"1":2,"2":2,"3":2,"4":2,"5":2,"6":2,"7":2,"8":2,"9":2,"10":0,"11":0,"12":0,"13":0,"14":0,"15":0,"16":0,"17":0,"18":0,"19":0,"20":2,"21":2,"22":4,"23":4,"24":2,"25":2,"26":2,"27":0,"28":2,"29":2,"30":2,"31":2,"32":2,"33":2,"34":2,"35":0,"36":0,"37":0,"38":0,"39":0,"40":0,"41":0,"42":0,"43":0,"44":0,"45":0,"46":2,"47":2,"48":0,"49":2},"f":{"0":2,"1":2,"2":0,"3":4,"4":0,"5":0},"b":{"0":[0,0],"1":[2,2],"2":[4,2],"3":[0,2],"4":[0,0]}}
,"C:\\Users\\FURKAN\\Desktop\\yasin-karakurt\\yasin-karakurt-backend\\src\\modules\\checkins\\checkin.controller.ts": {"path":"C:\\Users\\FURKAN\\Desktop\\yasin-karakurt\\yasin-karakurt-backend\\src\\modules\\checkins\\checkin.controller.ts","statementMap":{"0":{"start":{"line":2,"column":0},"end":{"line":2,"column":24}},"1":{"start":{"line":5,"column":0},"end":{"line":5,"column":61}},"2":{"start":{"line":6,"column":0},"end":{"line":6,"column":47}},"3":{"start":{"line":7,"column":0},"end":{"line":7,"column":52}},"4":{"start":{"line":8,"column":0},"end":{"line":8,"column":75}},"5":{"start":{"line":22,"column":29},"end":{"line":130,"column":1}},"6":{"start":{"line":23,"column":2},"end":{"line":129,"column":3}},"7":{"start":{"line":24,"column":24},"end":{"line":24,"column":32}},"8":{"start":{"line":25,"column":19},"end":{"line":25,"column":35}},"9":{"start":{"line":27,"column":4},"end":{"line":30,"column":5}},"10":{"start":{"line":28,"column":6},"end":{"line":28,"column":86}},"11":{"start":{"line":29,"column":6},"end":{"line":29,"column":13}},"12":{"start":{"line":42,"column":8},"end":{"line":42,"column":31}},"13":{"start":{"line":44,"column":18},"end":{"line":44,"column":52}},"14":{"start":{"line":46,"column":23},"end":{"line":46,"column":108}},"15":{"start":{"line":47,"column":22},"end":{"line":47,"column":47}},"16":{"start":{"line":49,"column":4},"end":{"line":55,"column":5}},"17":{"start":{"line":50,"column":6},"end":{"line":53,"column":9}},"18":{"start":{"line":54,"column":6},"end":{"line":54,"column":13}},"19":{"start":{"line":57,"column":4},"end":{"line":60,"column":5}},"20":{"start":{"line":58,"column":6},"end":{"line":58,"column":98}},"21":{"start":{"line":59,"column":6},"end":{"line":59,"column":13}},"22":{"start":{"line":61,"column":4},"end":{"line":64,"column":5}},"23":{"start":{"line":62,"column":6},"end":{"line":62,"column":98}},"24":{"start":{"line":63,"column":6},"end":{"line":63,"column":13}},"25":{"start":{"line":66,"column":56},"end":{"line":66,"column":58}},"26":{"start":{"line":67,"column":4},"end":{"line":80,"column":5}},"27":{"start":{"line":68,"column":6},"end":{"line":79,"column":9}},"28":{"start":{"line":69,"column":25},"end":{"line":69,"column":34}},"29":{"start":{"line":70,"column":8},"end":{"line":70,"column":30}},"30":{"start":{"line":70,"column":23},"end":{"line":70,"column":30}},"31":{"start":{"line":71,"column":20},"end":{"line":71,"column":66}},"32":{"start":{"line":73,"column":22},"end":{"line":76,"column":19}},"33":{"start":{"line":78,"column":8},"end":{"line":78,"column":39}},"34":{"start":{"line":82,"column":23},"end":{"line":101,"column":6}},"35":{"start":{"line":103,"column":21},"end":{"line":106,"column":6}},"36":{"start":{"line":108,"column":4},"end":{"line":115,"column":7}},"37":{"start":{"line":109,"column":6},"end":{"line":114,"column":8}},"38":{"start":{"line":117,"column":4},"end":{"line":121,"column":7}},"39":{"start":{"line":123,"column":4},"end":{"line":126,"column":5}},"40":{"start":{"line":124,"column":6},"end":{"line":124,"column":84}},"41":{"start":{"line":125,"column":6},"end":{"line":125,"column":13}},"42":{"start":{"line":127,"column":4},"end":{"line":127,"column":58}},"43":{"start":{"line":128,"column":4},"end":{"line":128,"column":72}},"44":{"start":{"line":22,"column":13},"end":{"line":22,"column":29}},"45":{"start":{"line":132,"column":30},"end":{"line":140,"column":1}},"46":{"start":{"line":133,"column":2},"end":{"line":139,"column":3}},"47":{"start":{"line":134,"column":21},"end":{"line":134,"column":62}},"48":{"start":{"line":135,"column":4},"end":{"line":135,"column":60}},"49":{"start":{"line":137,"column":4},"end":{"line":137,"column":57}},"50":{"start":{"line":138,"column":4},"end":{"line":138,"column":72}},"51":{"start":{"line":132,"column":13},"end":{"line":132,"column":30}},"52":{"start":{"line":142,"column":32},"end":{"line":150,"column":1}},"53":{"start":{"line":143,"column":2},"end":{"line":149,"column":3}},"54":{"start":{"line":144,"column":21},"end":{"line":144,"column":62}},"55":{"start":{"line":145,"column":4},"end":{"line":145,"column":60}},"56":{"start":{"line":147,"column":4},"end":{"line":147,"column":66}},"57":{"start":{"line":148,"column":4},"end":{"line":148,"column":72}},"58":{"start":{"line":142,"column":13},"end":{"line":142,"column":32}},"59":{"start":{"line":152,"column":30},"end":{"line":188,"column":1}},"60":{"start":{"line":153,"column":2},"end":{"line":187,"column":3}},"61":{"start":{"line":154,"column":19},"end":{"line":154,"column":29}},"62":{"start":{"line":155,"column":20},"end":{"line":155,"column":59}},"63":{"start":{"line":157,"column":28},"end":{"line":164,"column":6}},"64":{"start":{"line":166,"column":24},"end":{"line":177,"column":6}},"65":{"start":{"line":179,"column":4},"end":{"line":179,"column":93}},"66":{"start":{"line":181,"column":4},"end":{"line":184,"column":5}},"67":{"start":{"line":182,"column":6},"end":{"line":182,"column":84}},"68":{"start":{"line":183,"column":6},"end":{"line":183,"column":13}},"69":{"start":{"line":185,"column":4},"end":{"line":185,"column":61}},"70":{"start":{"line":186,"column":4},"end":{"line":186,"column":72}},"71":{"start":{"line":152,"column":13},"end":{"line":152,"column":30}},"72":{"start":{"line":190,"column":35},"end":{"line":214,"column":1}},"73":{"start":{"line":191,"column":2},"end":{"line":213,"column":3}},"74":{"start":{"line":192,"column":19},"end":{"line":192,"column":29}},"75":{"start":{"line":193,"column":23},"end":{"line":193,"column":60}},"76":{"start":{"line":195,"column":43},"end":{"line":195,"column":79}},"77":{"start":{"line":196,"column":4},"end":{"line":199,"column":5}},"78":{"start":{"line":197,"column":6},"end":{"line":197,"column":82}},"79":{"start":{"line":198,"column":6},"end":{"line":198,"column":13}},"80":{"start":{"line":201,"column":20},"end":{"line":207,"column":6}},"81":{"start":{"line":209,"column":4},"end":{"line":209,"column":59}},"82":{"start":{"line":211,"column":4},"end":{"line":211,"column":55}},"83":{"start":{"line":212,"column":4},"end":{"line":212,"column":72}},"84":{"start":{"line":190,"column":13},"end":{"line":190,"column":35}},"85":{"start":{"line":216,"column":29},"end":{"line":261,"column":1}},"86":{"start":{"line":217,"column":2},"end":{"line":260,"column":3}},"87":{"start":{"line":218,"column":19},"end":{"line":218,"column":29}},"88":{"start":{"line":219,"column":56},"end":{"line":219,"column":null}},"89":{"start":{"line":226,"column":20},"end":{"line":229,"column":6}},"90":{"start":{"line":231,"column":4},"end":{"line":234,"column":5}},"91":{"start":{"line":232,"column":6},"end":{"line":232,"column":80}},"92":{"start":{"line":233,"column":6},"end":{"line":233,"column":13}},"93":{"start":{"line":236,"column":20},"end":{"line":241,"column":6}},"94":{"start":{"line":243,"column":4},"end":{"line":250,"column":7}},"95":{"start":{"line":252,"column":4},"end":{"line":252,"column":59}},"96":{"start":{"line":254,"column":4},"end":{"line":257,"column":5}},"97":{"start":{"line":255,"column":6},"end":{"line":255,"column":84}},"98":{"start":{"line":256,"column":6},"end":{"line":256,"column":13}},"99":{"start":{"line":258,"column":4},"end":{"line":258,"column":56}},"100":{"start":{"line":259,"column":4},"end":{"line":259,"column":72}},"101":{"start":{"line":216,"column":13},"end":{"line":216,"column":29}},"102":{"start":{"line":263,"column":35},"end":{"line":282,"column":1}},"103":{"start":{"line":264,"column":2},"end":{"line":281,"column":3}},"104":{"start":{"line":265,"column":23},"end":{"line":265,"column":33}},"105":{"start":{"line":267,"column":4},"end":{"line":270,"column":5}},"106":{"start":{"line":268,"column":6},"end":{"line":268,"column":81}},"107":{"start":{"line":269,"column":6},"end":{"line":269,"column":13}},"108":{"start":{"line":272,"column":21},"end":{"line":272,"column":69}},"109":{"start":{"line":273,"column":4},"end":{"line":273,"column":60}},"110":{"start":{"line":275,"column":4},"end":{"line":278,"column":5}},"111":{"start":{"line":276,"column":6},"end":{"line":276,"column":84}},"112":{"start":{"line":277,"column":6},"end":{"line":277,"column":13}},"113":{"start":{"line":279,"column":4},"end":{"line":279,"column":57}},"114":{"start":{"line":280,"column":4},"end":{"line":280,"column":72}},"115":{"start":{"line":263,"column":13},"end":{"line":263,"column":35}},"116":{"start":{"line":284,"column":31},"end":{"line":333,"column":1}},"117":{"start":{"line":285,"column":2},"end":{"line":332,"column":3}},"118":{"start":{"line":286,"column":19},"end":{"line":286,"column":32}},"119":{"start":{"line":287,"column":4},"end":{"line":290,"column":5}},"120":{"start":{"line":288,"column":6},"end":{"line":288,"column":75}},"121":{"start":{"line":289,"column":6},"end":{"line":289,"column":13}},"122":{"start":{"line":292,"column":21},"end":{"line":311,"column":6}},"123":{"start":{"line":313,"column":17},"end":{"line":326,"column":6}},"124":{"start":{"line":314,"column":19},"end":{"line":314,"column":71}},"125":{"start":{"line":315,"column":25},"end":{"line":315,"column":109}},"126":{"start":{"line":316,"column":6},"end":{"line":325,"column":8}},"127":{"start":{"line":328,"column":4},"end":{"line":328,"column":50}},"128":{"start":{"line":330,"column":4},"end":{"line":330,"column":51}},"129":{"start":{"line":331,"column":4},"end":{"line":331,"column":72}},"130":{"start":{"line":284,"column":13},"end":{"line":284,"column":31}},"131":{"start":{"line":335,"column":30},"end":{"line":349,"column":1}},"132":{"start":{"line":336,"column":2},"end":{"line":348,"column":3}},"133":{"start":{"line":337,"column":23},"end":{"line":337,"column":33}},"134":{"start":{"line":338,"column":4},"end":{"line":341,"column":5}},"135":{"start":{"line":339,"column":6},"end":{"line":339,"column":81}},"136":{"start":{"line":340,"column":6},"end":{"line":340,"column":13}},"137":{"start":{"line":343,"column":18},"end":{"line":343,"column":61}},"138":{"start":{"line":344,"column":4},"end":{"line":344,"column":57}},"139":{"start":{"line":346,"column":4},"end":{"line":346,"column":48}},"140":{"start":{"line":347,"column":4},"end":{"line":347,"column":72}},"141":{"start":{"line":335,"column":13},"end":{"line":335,"column":30}},"142":{"start":{"line":351,"column":33},"end":{"line":413,"column":1}},"143":{"start":{"line":352,"column":2},"end":{"line":412,"column":3}},"144":{"start":{"line":353,"column":23},"end":{"line":353,"column":33}},"145":{"start":{"line":354,"column":4},"end":{"line":357,"column":5}},"146":{"start":{"line":355,"column":6},"end":{"line":355,"column":81}},"147":{"start":{"line":356,"column":6},"end":{"line":356,"column":13}},"148":{"start":{"line":359,"column":21},"end":{"line":371,"column":6}},"149":{"start":{"line":373,"column":4},"end":{"line":376,"column":5}},"150":{"start":{"line":374,"column":6},"end":{"line":374,"column":58}},"151":{"start":{"line":375,"column":6},"end":{"line":375,"column":13}},"152":{"start":{"line":378,"column":24},"end":{"line":378,"column":43}},"153":{"start":{"line":379,"column":23},"end":{"line":379,"column":60}},"154":{"start":{"line":380,"column":24},"end":{"line":380,"column":97}},"155":{"start":{"line":382,"column":20},"end":{"line":382,"column":38}},"156":{"start":{"line":383,"column":21},"end":{"line":385,"column":12}},"157":{"start":{"line":383,"column":41},"end":{"line":383,"column":53}},"158":{"start":{"line":384,"column":37},"end":{"line":384,"column":62}},"159":{"start":{"line":384,"column":89},"end":{"line":384,"column":101}},"160":{"start":{"line":386,"column":22},"end":{"line":388,"column":12}},"161":{"start":{"line":386,"column":42},"end":{"line":386,"column":55}},"162":{"start":{"line":387,"column":37},"end":{"line":387,"column":63}},"163":{"start":{"line":387,"column":90},"end":{"line":387,"column":103}},"164":{"start":{"line":390,"column":28},"end":{"line":392,"column":10}},"165":{"start":{"line":393,"column":28},"end":{"line":393,"column":96}},"166":{"start":{"line":395,"column":25},"end":{"line":395,"column":120}},"167":{"start":{"line":395,"column":95},"end":{"line":395,"column":103}},"168":{"start":{"line":397,"column":4},"end":{"line":408,"column":7}},"169":{"start":{"line":410,"column":4},"end":{"line":410,"column":43}},"170":{"start":{"line":411,"column":4},"end":{"line":411,"column":72}},"171":{"start":{"line":351,"column":13},"end":{"line":351,"column":33}}},"fnMap":{"0":{"name":"(anonymous_10)","decl":{"start":{"line":22,"column":29},"end":{"line":22,"column":34}},"loc":{"start":{"line":22,"column":86},"end":{"line":130,"column":1}}},"1":{"name":"(anonymous_11)","decl":{"start":{"line":68,"column":20},"end":{"line":68,"column":21}},"loc":{"start":{"line":68,"column":50},"end":{"line":79,"column":7}}},"2":{"name":"(anonymous_12)","decl":{"start":{"line":108,"column":35},"end":{"line":108,"column":42}},"loc":{"start":{"line":109,"column":6},"end":{"line":114,"column":8}}},"3":{"name":"(anonymous_13)","decl":{"start":{"line":132,"column":30},"end":{"line":132,"column":35}},"loc":{"start":{"line":132,"column":87},"end":{"line":140,"column":1}}},"4":{"name":"(anonymous_14)","decl":{"start":{"line":142,"column":32},"end":{"line":142,"column":37}},"loc":{"start":{"line":142,"column":89},"end":{"line":150,"column":1}}},"5":{"name":"(anonymous_15)","decl":{"start":{"line":152,"column":30},"end":{"line":152,"column":35}},"loc":{"start":{"line":152,"column":87},"end":{"line":188,"column":1}}},"6":{"name":"(anonymous_16)","decl":{"start":{"line":190,"column":35},"end":{"line":190,"column":40}},"loc":{"start":{"line":190,"column":92},"end":{"line":214,"column":1}}},"7":{"name":"(anonymous_17)","decl":{"start":{"line":216,"column":29},"end":{"line":216,"column":34}},"loc":{"start":{"line":216,"column":86},"end":{"line":261,"column":1}}},"8":{"name":"(anonymous_18)","decl":{"start":{"line":263,"column":35},"end":{"line":263,"column":40}},"loc":{"start":{"line":263,"column":92},"end":{"line":282,"column":1}}},"9":{"name":"(anonymous_19)","decl":{"start":{"line":284,"column":31},"end":{"line":284,"column":36}},"loc":{"start":{"line":284,"column":88},"end":{"line":333,"column":1}}},"10":{"name":"(anonymous_20)","decl":{"start":{"line":313,"column":30},"end":{"line":313,"column":31}},"loc":{"start":{"line":313,"column":36},"end":{"line":326,"column":5}}},"11":{"name":"(anonymous_21)","decl":{"start":{"line":335,"column":30},"end":{"line":335,"column":35}},"loc":{"start":{"line":335,"column":87},"end":{"line":349,"column":1}}},"12":{"name":"(anonymous_22)","decl":{"start":{"line":351,"column":33},"end":{"line":351,"column":38}},"loc":{"start":{"line":351,"column":90},"end":{"line":413,"column":1}}},"13":{"name":"(anonymous_23)","decl":{"start":{"line":383,"column":36},"end":{"line":383,"column":37}},"loc":{"start":{"line":383,"column":41},"end":{"line":383,"column":53}}},"14":{"name":"(anonymous_24)","decl":{"start":{"line":384,"column":25},"end":{"line":384,"column":26}},"loc":{"start":{"line":384,"column":37},"end":{"line":384,"column":62}}},"15":{"name":"(anonymous_25)","decl":{"start":{"line":384,"column":84},"end":{"line":384,"column":85}},"loc":{"start":{"line":384,"column":89},"end":{"line":384,"column":101}}},"16":{"name":"(anonymous_26)","decl":{"start":{"line":386,"column":37},"end":{"line":386,"column":38}},"loc":{"start":{"line":386,"column":42},"end":{"line":386,"column":55}}},"17":{"name":"(anonymous_27)","decl":{"start":{"line":387,"column":25},"end":{"line":387,"column":26}},"loc":{"start":{"line":387,"column":37},"end":{"line":387,"column":63}}},"18":{"name":"(anonymous_28)","decl":{"start":{"line":387,"column":85},"end":{"line":387,"column":86}},"loc":{"start":{"line":387,"column":90},"end":{"line":387,"column":103}}},"19":{"name":"(anonymous_29)","decl":{"start":{"line":395,"column":90},"end":{"line":395,"column":91}},"loc":{"start":{"line":395,"column":95},"end":{"line":395,"column":103}}}},"branchMap":{"0":{"loc":{"start":{"line":27,"column":4},"end":{"line":30,"column":5}},"type":"if","locations":[{"start":{"line":27,"column":4},"end":{"line":30,"column":5}},{"start":{},"end":{}}]},"1":{"loc":{"start":{"line":46,"column":23},"end":{"line":46,"column":108}},"type":"binary-expr","locations":[{"start":{"line":46,"column":23},"end":{"line":46,"column":29}},{"start":{"line":46,"column":33},"end":{"line":46,"column":40}},{"start":{"line":46,"column":44},"end":{"line":46,"column":54}},{"start":{"line":46,"column":58},"end":{"line":46,"column":69}},{"start":{"line":46,"column":73},"end":{"line":46,"column":84}},{"start":{"line":46,"column":88},"end":{"line":46,"column":99}},{"start":{"line":46,"column":103},"end":{"line":46,"column":108}}]},"2":{"loc":{"start":{"line":47,"column":22},"end":{"line":47,"column":47}},"type":"binary-expr","locations":[{"start":{"line":47,"column":22},"end":{"line":47,"column":27}},{"start":{"line":47,"column":31},"end":{"line":47,"column":47}}]},"3":{"loc":{"start":{"line":49,"column":4},"end":{"line":55,"column":5}},"type":"if","locations":[{"start":{"line":49,"column":4},"end":{"line":55,"column":5}},{"start":{},"end":{}}]},"4":{"loc":{"start":{"line":49,"column":8},"end":{"line":49,"column":33}},"type":"binary-expr","locations":[{"start":{"line":49,"column":8},"end":{"line":49,"column":19}},{"start":{"line":49,"column":23},"end":{"line":49,"column":33}}]},"5":{"loc":{"start":{"line":57,"column":4},"end":{"line":60,"column":5}},"type":"if","locations":[{"start":{"line":57,"column":4},"end":{"line":60,"column":5}},{"start":{},"end":{}}]},"6":{"loc":{"start":{"line":57,"column":8},"end":{"line":57,"column":47}},"type":"binary-expr","locations":[{"start":{"line":57,"column":8},"end":{"line":57,"column":14}},{"start":{"line":57,"column":19},"end":{"line":57,"column":30}},{"start":{"line":57,"column":34},"end":{"line":57,"column":46}}]},"7":{"loc":{"start":{"line":61,"column":4},"end":{"line":64,"column":5}},"type":"if","locations":[{"start":{"line":61,"column":4},"end":{"line":64,"column":5}},{"start":{},"end":{}}]},"8":{"loc":{"start":{"line":61,"column":8},"end":{"line":61,"column":48}},"type":"binary-expr","locations":[{"start":{"line":61,"column":8},"end":{"line":61,"column":15}},{"start":{"line":61,"column":20},"end":{"line":61,"column":31}},{"start":{"line":61,"column":35},"end":{"line":61,"column":47}}]},"9":{"loc":{"start":{"line":67,"column":4},"end":{"line":80,"column":5}},"type":"if","locations":[{"start":{"line":67,"column":4},"end":{"line":80,"column":5}},{"start":{},"end":{}}]},"10":{"loc":{"start":{"line":67,"column":8},"end":{"line":67,"column":33}},"type":"binary-expr","locations":[{"start":{"line":67,"column":8},"end":{"line":67,"column":13}},{"start":{"line":67,"column":17},"end":{"line":67,"column":33}}]},"11":{"loc":{"start":{"line":70,"column":8},"end":{"line":70,"column":30}},"type":"if","locations":[{"start":{"line":70,"column":8},"end":{"line":70,"column":30}},{"start":{},"end":{}}]},"12":{"loc":{"start":{"line":73,"column":22},"end":{"line":76,"column":19}},"type":"cond-expr","locations":[{"start":{"line":73,"column":74},"end":{"line":73,"column":81}},{"start":{"line":74,"column":12},"end":{"line":76,"column":19}}]},"13":{"loc":{"start":{"line":74,"column":12},"end":{"line":76,"column":19}},"type":"cond-expr","locations":[{"start":{"line":74,"column":63},"end":{"line":74,"column":69}},{"start":{"line":75,"column":12},"end":{"line":76,"column":19}}]},"14":{"loc":{"start":{"line":75,"column":12},"end":{"line":76,"column":19}},"type":"cond-expr","locations":[{"start":{"line":75,"column":63},"end":{"line":75,"column":69}},{"start":{"line":76,"column":12},"end":{"line":76,"column":19}}]},"15":{"loc":{"start":{"line":85,"column":19},"end":{"line":85,"column":36}},"type":"binary-expr","locations":[{"start":{"line":85,"column":19},"end":{"line":85,"column":28}},{"start":{"line":85,"column":32},"end":{"line":85,"column":36}}]},"16":{"loc":{"start":{"line":86,"column":20},"end":{"line":86,"column":67}},"type":"cond-expr","locations":[{"start":{"line":86,"column":33},"end":{"line":86,"column":60}},{"start":{"line":86,"column":63},"end":{"line":86,"column":67}}]},"17":{"loc":{"start":{"line":87,"column":16},"end":{"line":87,"column":57}},"type":"cond-expr","locations":[{"start":{"line":87,"column":25},"end":{"line":87,"column":50}},{"start":{"line":87,"column":53},"end":{"line":87,"column":57}}]},"18":{"loc":{"start":{"line":88,"column":17},"end":{"line":88,"column":60}},"type":"cond-expr","locations":[{"start":{"line":88,"column":27},"end":{"line":88,"column":53}},{"start":{"line":88,"column":56},"end":{"line":88,"column":60}}]},"19":{"loc":{"start":{"line":89,"column":20},"end":{"line":89,"column":67}},"type":"cond-expr","locations":[{"start":{"line":89,"column":33},"end":{"line":89,"column":60}},{"start":{"line":89,"column":63},"end":{"line":89,"column":67}}]},"20":{"loc":{"start":{"line":90,"column":21},"end":{"line":90,"column":70}},"type":"cond-expr","locations":[{"start":{"line":90,"column":35},"end":{"line":90,"column":63}},{"start":{"line":90,"column":66},"end":{"line":90,"column":70}}]},"21":{"loc":{"start":{"line":91,"column":21},"end":{"line":91,"column":70}},"type":"cond-expr","locations":[{"start":{"line":91,"column":35},"end":{"line":91,"column":63}},{"start":{"line":91,"column":66},"end":{"line":91,"column":70}}]},"22":{"loc":{"start":{"line":92,"column":21},"end":{"line":92,"column":70}},"type":"cond-expr","locations":[{"start":{"line":92,"column":35},"end":{"line":92,"column":63}},{"start":{"line":92,"column":66},"end":{"line":92,"column":70}}]},"23":{"loc":{"start":{"line":93,"column":15},"end":{"line":93,"column":28}},"type":"binary-expr","locations":[{"start":{"line":93,"column":15},"end":{"line":93,"column":20}},{"start":{"line":93,"column":24},"end":{"line":93,"column":28}}]},"24":{"loc":{"start":{"line":95,"column":16},"end":{"line":95,"column":72}},"type":"cond-expr","locations":[{"start":{"line":95,"column":39},"end":{"line":95,"column":60}},{"start":{"line":95,"column":63},"end":{"line":95,"column":72}}]},"25":{"loc":{"start":{"line":112,"column":20},"end":{"line":112,"column":71}},"type":"binary-expr","locations":[{"start":{"line":112,"column":20},"end":{"line":112,"column":54}},{"start":{"line":112,"column":58},"end":{"line":112,"column":71}}]},"26":{"loc":{"start":{"line":123,"column":4},"end":{"line":126,"column":5}},"type":"if","locations":[{"start":{"line":123,"column":4},"end":{"line":126,"column":5}},{"start":{},"end":{}}]},"27":{"loc":{"start":{"line":181,"column":4},"end":{"line":184,"column":5}},"type":"if","locations":[{"start":{"line":181,"column":4},"end":{"line":184,"column":5}},{"start":{},"end":{}}]},"28":{"loc":{"start":{"line":196,"column":4},"end":{"line":199,"column":5}},"type":"if","locations":[{"start":{"line":196,"column":4},"end":{"line":199,"column":5}},{"start":{},"end":{}}]},"29":{"loc":{"start":{"line":205,"column":20},"end":{"line":205,"column":92}},"type":"cond-expr","locations":[{"start":{"line":205,"column":70},"end":{"line":205,"column":80}},{"start":{"line":205,"column":83},"end":{"line":205,"column":92}}]},"30":{"loc":{"start":{"line":205,"column":20},"end":{"line":205,"column":67}},"type":"binary-expr","locations":[{"start":{"line":205,"column":20},"end":{"line":205,"column":41}},{"start":{"line":205,"column":45},"end":{"line":205,"column":67}}]},"31":{"loc":{"start":{"line":231,"column":4},"end":{"line":234,"column":5}},"type":"if","locations":[{"start":{"line":231,"column":4},"end":{"line":234,"column":5}},{"start":{},"end":{}}]},"32":{"loc":{"start":{"line":246,"column":15},"end":{"line":248,"column":60}},"type":"cond-expr","locations":[{"start":{"line":247,"column":10},"end":{"line":247,"column":70}},{"start":{"line":248,"column":10},"end":{"line":248,"column":60}}]},"33":{"loc":{"start":{"line":246,"column":15},"end":{"line":246,"column":40}},"type":"binary-expr","locations":[{"start":{"line":246,"column":15},"end":{"line":246,"column":25}},{"start":{"line":246,"column":29},"end":{"line":246,"column":40}}]},"34":{"loc":{"start":{"line":247,"column":42},"end":{"line":247,"column":67}},"type":"binary-expr","locations":[{"start":{"line":247,"column":42},"end":{"line":247,"column":52}},{"start":{"line":247,"column":56},"end":{"line":247,"column":67}}]},"35":{"loc":{"start":{"line":254,"column":4},"end":{"line":257,"column":5}},"type":"if","locations":[{"start":{"line":254,"column":4},"end":{"line":257,"column":5}},{"start":{},"end":{}}]},"36":{"loc":{"start":{"line":267,"column":4},"end":{"line":270,"column":5}},"type":"if","locations":[{"start":{"line":267,"column":4},"end":{"line":270,"column":5}},{"start":{},"end":{}}]},"37":{"loc":{"start":{"line":275,"column":4},"end":{"line":278,"column":5}},"type":"if","locations":[{"start":{"line":275,"column":4},"end":{"line":278,"column":5}},{"start":{},"end":{}}]},"38":{"loc":{"start":{"line":287,"column":4},"end":{"line":290,"column":5}},"type":"if","locations":[{"start":{"line":287,"column":4},"end":{"line":290,"column":5}},{"start":{},"end":{}}]},"39":{"loc":{"start":{"line":314,"column":19},"end":{"line":314,"column":71}},"type":"cond-expr","locations":[{"start":{"line":314,"column":35},"end":{"line":314,"column":58}},{"start":{"line":314,"column":61},"end":{"line":314,"column":71}}]},"40":{"loc":{"start":{"line":338,"column":4},"end":{"line":341,"column":5}},"type":"if","locations":[{"start":{"line":338,"column":4},"end":{"line":341,"column":5}},{"start":{},"end":{}}]},"41":{"loc":{"start":{"line":354,"column":4},"end":{"line":357,"column":5}},"type":"if","locations":[{"start":{"line":354,"column":4},"end":{"line":357,"column":5}},{"start":{},"end":{}}]},"42":{"loc":{"start":{"line":373,"column":4},"end":{"line":376,"column":5}},"type":"if","locations":[{"start":{"line":373,"column":4},"end":{"line":376,"column":5}},{"start":{},"end":{}}]},"43":{"loc":{"start":{"line":380,"column":24},"end":{"line":380,"column":97}},"type":"cond-expr","locations":[{"start":{"line":380,"column":52},"end":{"line":380,"column":90}},{"start":{"line":380,"column":93},"end":{"line":380,"column":97}}]},"44":{"loc":{"start":{"line":380,"column":24},"end":{"line":380,"column":49}},"type":"binary-expr","locations":[{"start":{"line":380,"column":24},"end":{"line":380,"column":35}},{"start":{"line":380,"column":39},"end":{"line":380,"column":49}}]},"45":{"loc":{"start":{"line":383,"column":21},"end":{"line":385,"column":12}},"type":"cond-expr","locations":[{"start":{"line":384,"column":8},"end":{"line":384,"column":121}},{"start":{"line":385,"column":8},"end":{"line":385,"column":12}}]},"46":{"loc":{"start":{"line":384,"column":44},"end":{"line":384,"column":61}},"type":"binary-expr","locations":[{"start":{"line":384,"column":44},"end":{"line":384,"column":56}},{"start":{"line":384,"column":60},"end":{"line":384,"column":61}}]},"47":{"loc":{"start":{"line":386,"column":22},"end":{"line":388,"column":12}},"type":"cond-expr","locations":[{"start":{"line":387,"column":8},"end":{"line":387,"column":123}},{"start":{"line":388,"column":8},"end":{"line":388,"column":12}}]},"48":{"loc":{"start":{"line":387,"column":44},"end":{"line":387,"column":62}},"type":"binary-expr","locations":[{"start":{"line":387,"column":44},"end":{"line":387,"column":57}},{"start":{"line":387,"column":61},"end":{"line":387,"column":62}}]},"49":{"loc":{"start":{"line":390,"column":28},"end":{"line":392,"column":10}},"type":"binary-expr","locations":[{"start":{"line":390,"column":28},"end":{"line":391,"column":null}},{"start":{"line":392,"column":9},"end":{"line":392,"column":10}}]},"50":{"loc":{"start":{"line":395,"column":25},"end":{"line":395,"column":120}},"type":"binary-expr","locations":[{"start":{"line":395,"column":25},"end":{"line":395,"column":62}},{"start":{"line":395,"column":66},"end":{"line":395,"column":112}},{"start":{"line":395,"column":116},"end":{"line":395,"column":120}}]}},"s":{"0":2,"1":2,"2":2,"3":2,"4":2,"5":2,"6":0,"7":0,"8":0,"9":0,"10":0,"11":0,"12":0,"13":0,"14":0,"15":0,"16":0,"17":0,"18":0,"19":0,"20":0,"21":0,"22":0,"23":0,"24":0,"25":0,"26":0,"27":0,"28":0,"29":0,"30":0,"31":0,"32":0,"33":0,"34":0,"35":0,"36":0,"37":0,"38":0,"39":0,"40":0,"41":0,"42":0,"43":0,"44":2,"45":2,"46":0,"47":0,"48":0,"49":0,"50":0,"51":2,"52":2,"53":0,"54":0,"55":0,"56":0,"57":0,"58":2,"59":2,"60":0,"61":0,"62":0,"63":0,"64":0,"65":0,"66":0,"67":0,"68":0,"69":0,"70":0,"71":2,"72":2,"73":0,"74":0,"75":0,"76":0,"77":0,"78":0,"79":0,"80":0,"81":0,"82":0,"83":0,"84":2,"85":2,"86":0,"87":0,"88":0,"89":0,"90":0,"91":0,"92":0,"93":0,"94":0,"95":0,"96":0,"97":0,"98":0,"99":0,"100":0,"101":2,"102":2,"103":0,"104":0,"105":0,"106":0,"107":0,"108":0,"109":0,"110":0,"111":0,"112":0,"113":0,"114":0,"115":2,"116":2,"117":0,"118":0,"119":0,"120":0,"121":0,"122":0,"123":0,"124":0,"125":0,"126":0,"127":0,"128":0,"129":0,"130":2,"131":2,"132":0,"133":0,"134":0,"135":0,"136":0,"137":0,"138":0,"139":0,"140":0,"141":2,"142":2,"143":0,"144":0,"145":0,"146":0,"147":0,"148":0,"149":0,"150":0,"151":0,"152":0,"153":0,"154":0,"155":0,"156":0,"157":0,"158":0,"159":0,"160":0,"161":0,"162":0,"163":0,"164":0,"165":0,"166":0,"167":0,"168":0,"169":0,"170":0,"171":2},"f":{"0":0,"1":0,"2":0,"3":0,"4":0,"5":0,"6":0,"7":0,"8":0,"9":0,"10":0,"11":0,"12":0,"13":0,"14":0,"15":0,"16":0,"17":0,"18":0,"19":0},"b":{"0":[0,0],"1":[0,0,0,0,0,0,0],"2":[0,0],"3":[0,0],"4":[0,0],"5":[0,0],"6":[0,0,0],"7":[0,0],"8":[0,0,0],"9":[0,0],"10":[0,0],"11":[0,0],"12":[0,0],"13":[0,0],"14":[0,0],"15":[0,0],"16":[0,0],"17":[0,0],"18":[0,0],"19":[0,0],"20":[0,0],"21":[0,0],"22":[0,0],"23":[0,0],"24":[0,0],"25":[0,0],"26":[0,0],"27":[0,0],"28":[0,0],"29":[0,0],"30":[0,0],"31":[0,0],"32":[0,0],"33":[0,0],"34":[0,0],"35":[0,0],"36":[0,0],"37":[0,0],"38":[0,0],"39":[0,0],"40":[0,0],"41":[0,0],"42":[0,0],"43":[0,0],"44":[0,0],"45":[0,0],"46":[0,0],"47":[0,0],"48":[0,0],"49":[0,0],"50":[0,0,0]}}
,"C:\\Users\\FURKAN\\Desktop\\yasin-karakurt\\yasin-karakurt-backend\\src\\modules\\checkins\\checkin.routes.ts": {"path":"C:\\Users\\FURKAN\\Desktop\\yasin-karakurt\\yasin-karakurt-backend\\src\\modules\\checkins\\checkin.routes.ts","statementMap":{"0":{"start":{"line":1,"column":0},"end":{"line":1,"column":33}},"1":{"start":{"line":2,"column":0},"end":{"line":2,"column":null}},"2":{"start":{"line":14,"column":0},"end":{"line":14,"column":75}},"3":{"start":{"line":15,"column":0},"end":{"line":15,"column":60}},"4":{"start":{"line":17,"column":15},"end":{"line":17,"column":23}},"5":{"start":{"line":19,"column":0},"end":{"line":19,"column":73}},"6":{"start":{"line":21,"column":0},"end":{"line":21,"column":52}},"7":{"start":{"line":22,"column":0},"end":{"line":22,"column":97}},"8":{"start":{"line":23,"column":0},"end":{"line":23,"column":95}},"9":{"start":{"line":24,"column":0},"end":{"line":24,"column":86}},"10":{"start":{"line":25,"column":0},"end":{"line":25,"column":96}},"11":{"start":{"line":26,"column":0},"end":{"line":26,"column":88}},"12":{"start":{"line":28,"column":0},"end":{"line":28,"column":32}},"13":{"start":{"line":29,"column":0},"end":{"line":29,"column":35}},"14":{"start":{"line":30,"column":0},"end":{"line":30,"column":49}},"15":{"start":{"line":32,"column":0},"end":{"line":32,"column":22}}},"fnMap":{},"branchMap":{},"s":{"0":2,"1":2,"2":2,"3":2,"4":2,"5":2,"6":2,"7":2,"8":2,"9":2,"10":2,"11":2,"12":2,"13":2,"14":2,"15":2},"f":{},"b":{}}
,"C:\\Users\\FURKAN\\Desktop\\yasin-karakurt\\yasin-karakurt-backend\\src\\modules\\checkins\\checkin.service.ts": {"path":"C:\\Users\\FURKAN\\Desktop\\yasin-karakurt\\yasin-karakurt-backend\\src\\modules\\checkins\\checkin.service.ts","statementMap":{"0":{"start":{"line":1,"column":0},"end":{"line":1,"column":47}},"1":{"start":{"line":2,"column":0},"end":{"line":2,"column":61}},"2":{"start":{"line":5,"column":23},"end":{"line":20,"column":11}},"3":{"start":{"line":22,"column":29},"end":{"line":43,"column":1}},"4":{"start":{"line":35,"column":33},"end":{"line":35,"column":37}},"5":{"start":{"line":36,"column":2},"end":{"line":42,"column":5}},"6":{"start":{"line":22,"column":13},"end":{"line":22,"column":29}},"7":{"start":{"line":45,"column":30},"end":{"line":60,"column":1}},"8":{"start":{"line":46,"column":18},"end":{"line":54,"column":4}},"9":{"start":{"line":56,"column":2},"end":{"line":56,"column":104}},"10":{"start":{"line":58,"column":2},"end":{"line":58,"column":63}},"11":{"start":{"line":58,"column":16},"end":{"line":58,"column":63}},"12":{"start":{"line":59,"column":2},"end":{"line":59,"column":17}},"13":{"start":{"line":45,"column":13},"end":{"line":45,"column":30}},"14":{"start":{"line":62,"column":29},"end":{"line":68,"column":1}},"15":{"start":{"line":63,"column":2},"end":{"line":67,"column":5}},"16":{"start":{"line":62,"column":13},"end":{"line":62,"column":29}},"17":{"start":{"line":70,"column":34},"end":{"line":75,"column":1}},"18":{"start":{"line":71,"column":2},"end":{"line":74,"column":5}},"19":{"start":{"line":70,"column":13},"end":{"line":70,"column":34}},"20":{"start":{"line":77,"column":35},"end":{"line":83,"column":1}},"21":{"start":{"line":78,"column":2},"end":{"line":82,"column":5}},"22":{"start":{"line":77,"column":13},"end":{"line":77,"column":35}},"23":{"start":{"line":94,"column":30},"end":{"line":153,"column":1}},"24":{"start":{"line":95,"column":19},"end":{"line":107,"column":4}},"25":{"start":{"line":109,"column":2},"end":{"line":118,"column":3}},"26":{"start":{"line":110,"column":4},"end":{"line":117,"column":6}},"27":{"start":{"line":120,"column":25},"end":{"line":120,"column":63}},"28":{"start":{"line":120,"column":46},"end":{"line":120,"column":62}},"29":{"start":{"line":121,"column":23},"end":{"line":123,"column":10}},"30":{"start":{"line":125,"column":22},"end":{"line":125,"column":91}},"31":{"start":{"line":125,"column":40},"end":{"line":125,"column":52}},"32":{"start":{"line":125,"column":81},"end":{"line":125,"column":90}},"33":{"start":{"line":126,"column":24},"end":{"line":128,"column":10}},"34":{"start":{"line":127,"column":37},"end":{"line":127,"column":42}},"35":{"start":{"line":130,"column":23},"end":{"line":130,"column":93}},"36":{"start":{"line":130,"column":41},"end":{"line":130,"column":54}},"37":{"start":{"line":130,"column":83},"end":{"line":130,"column":92}},"38":{"start":{"line":131,"column":25},"end":{"line":133,"column":10}},"39":{"start":{"line":132,"column":38},"end":{"line":132,"column":43}},"40":{"start":{"line":135,"column":23},"end":{"line":135,"column":93}},"41":{"start":{"line":135,"column":41},"end":{"line":135,"column":54}},"42":{"start":{"line":135,"column":83},"end":{"line":135,"column":92}},"43":{"start":{"line":136,"column":25},"end":{"line":138,"column":10}},"44":{"start":{"line":137,"column":38},"end":{"line":137,"column":43}},"45":{"start":{"line":140,"column":23},"end":{"line":140,"column":93}},"46":{"start":{"line":140,"column":41},"end":{"line":140,"column":54}},"47":{"start":{"line":140,"column":83},"end":{"line":140,"column":92}},"48":{"start":{"line":141,"column":25},"end":{"line":143,"column":10}},"49":{"start":{"line":142,"column":38},"end":{"line":142,"column":43}},"50":{"start":{"line":145,"column":2},"end":{"line":152,"column":4}},"51":{"start":{"line":94,"column":13},"end":{"line":94,"column":30}},"52":{"start":{"line":162,"column":29},"end":{"line":186,"column":1}},"53":{"start":{"line":166,"column":18},"end":{"line":166,"column":68}},"54":{"start":{"line":167,"column":2},"end":{"line":167,"column":63}},"55":{"start":{"line":167,"column":16},"end":{"line":167,"column":63}},"56":{"start":{"line":169,"column":29},"end":{"line":169,"column":92}},"57":{"start":{"line":171,"column":2},"end":{"line":185,"column":5}},"58":{"start":{"line":172,"column":20},"end":{"line":182,"column":6}},"59":{"start":{"line":184,"column":4},"end":{"line":184,"column":19}},"60":{"start":{"line":162,"column":13},"end":{"line":162,"column":29}}},"fnMap":{"0":{"name":"(anonymous_0)","decl":{"start":{"line":22,"column":29},"end":{"line":22,"column":34}},"loc":{"start":{"line":34,"column":5},"end":{"line":43,"column":1}}},"1":{"name":"(anonymous_1)","decl":{"start":{"line":45,"column":30},"end":{"line":45,"column":35}},"loc":{"start":{"line":45,"column":51},"end":{"line":60,"column":1}}},"2":{"name":"(anonymous_2)","decl":{"start":{"line":62,"column":29},"end":{"line":62,"column":34}},"loc":{"start":{"line":62,"column":54},"end":{"line":68,"column":1}}},"3":{"name":"(anonymous_3)","decl":{"start":{"line":70,"column":34},"end":{"line":70,"column":39}},"loc":{"start":{"line":70,"column":45},"end":{"line":75,"column":1}}},"4":{"name":"(anonymous_4)","decl":{"start":{"line":77,"column":35},"end":{"line":77,"column":40}},"loc":{"start":{"line":77,"column":60},"end":{"line":83,"column":1}}},"5":{"name":"(anonymous_5)","decl":{"start":{"line":94,"column":30},"end":{"line":94,"column":35}},"loc":{"start":{"line":94,"column":77},"end":{"line":153,"column":1}}},"6":{"name":"(anonymous_6)","decl":{"start":{"line":120,"column":41},"end":{"line":120,"column":42}},"loc":{"start":{"line":120,"column":46},"end":{"line":120,"column":62}}},"7":{"name":"(anonymous_7)","decl":{"start":{"line":125,"column":35},"end":{"line":125,"column":36}},"loc":{"start":{"line":125,"column":40},"end":{"line":125,"column":52}}},"8":{"name":"(anonymous_8)","decl":{"start":{"line":125,"column":61},"end":{"line":125,"column":62}},"loc":{"start":{"line":125,"column":81},"end":{"line":125,"column":90}}},"9":{"name":"(anonymous_9)","decl":{"start":{"line":127,"column":27},"end":{"line":127,"column":28}},"loc":{"start":{"line":127,"column":37},"end":{"line":127,"column":42}}},"10":{"name":"(anonymous_10)","decl":{"start":{"line":130,"column":36},"end":{"line":130,"column":37}},"loc":{"start":{"line":130,"column":41},"end":{"line":130,"column":54}}},"11":{"name":"(anonymous_11)","decl":{"start":{"line":130,"column":63},"end":{"line":130,"column":64}},"loc":{"start":{"line":130,"column":83},"end":{"line":130,"column":92}}},"12":{"name":"(anonymous_12)","decl":{"start":{"line":132,"column":28},"end":{"line":132,"column":29}},"loc":{"start":{"line":132,"column":38},"end":{"line":132,"column":43}}},"13":{"name":"(anonymous_13)","decl":{"start":{"line":135,"column":36},"end":{"line":135,"column":37}},"loc":{"start":{"line":135,"column":41},"end":{"line":135,"column":54}}},"14":{"name":"(anonymous_14)","decl":{"start":{"line":135,"column":63},"end":{"line":135,"column":64}},"loc":{"start":{"line":135,"column":83},"end":{"line":135,"column":92}}},"15":{"name":"(anonymous_15)","decl":{"start":{"line":137,"column":28},"end":{"line":137,"column":29}},"loc":{"start":{"line":137,"column":38},"end":{"line":137,"column":43}}},"16":{"name":"(anonymous_16)","decl":{"start":{"line":140,"column":36},"end":{"line":140,"column":37}},"loc":{"start":{"line":140,"column":41},"end":{"line":140,"column":54}}},"17":{"name":"(anonymous_17)","decl":{"start":{"line":140,"column":63},"end":{"line":140,"column":64}},"loc":{"start":{"line":140,"column":83},"end":{"line":140,"column":92}}},"18":{"name":"(anonymous_18)","decl":{"start":{"line":142,"column":28},"end":{"line":142,"column":29}},"loc":{"start":{"line":142,"column":38},"end":{"line":142,"column":43}}},"19":{"name":"(anonymous_19)","decl":{"start":{"line":162,"column":29},"end":{"line":162,"column":34}},"loc":{"start":{"line":165,"column":4},"end":{"line":186,"column":1}}},"20":{"name":"(anonymous_20)","decl":{"start":{"line":171,"column":29},"end":{"line":171,"column":34}},"loc":{"start":{"line":171,"column":42},"end":{"line":185,"column":3}}}},"branchMap":{"0":{"loc":{"start":{"line":39,"column":14},"end":{"line":39,"column":59}},"type":"cond-expr","locations":[{"start":{"line":39,"column":26},"end":{"line":39,"column":47}},{"start":{"line":39,"column":50},"end":{"line":39,"column":59}}]},"1":{"loc":{"start":{"line":58,"column":2},"end":{"line":58,"column":63}},"type":"if","locations":[{"start":{"line":58,"column":2},"end":{"line":58,"column":63}},{"start":{},"end":{}}]},"2":{"loc":{"start":{"line":109,"column":2},"end":{"line":118,"column":3}},"type":"if","locations":[{"start":{"line":109,"column":2},"end":{"line":118,"column":3}},{"start":{},"end":{}}]},"3":{"loc":{"start":{"line":121,"column":23},"end":{"line":123,"column":10}},"type":"cond-expr","locations":[{"start":{"line":122,"column":6},"end":{"line":122,"column":97}},{"start":{"line":123,"column":6},"end":{"line":123,"column":10}}]},"4":{"loc":{"start":{"line":126,"column":24},"end":{"line":128,"column":10}},"type":"cond-expr","locations":[{"start":{"line":127,"column":6},"end":{"line":127,"column":79}},{"start":{"line":128,"column":6},"end":{"line":128,"column":10}}]},"5":{"loc":{"start":{"line":131,"column":25},"end":{"line":133,"column":10}},"type":"cond-expr","locations":[{"start":{"line":132,"column":6},"end":{"line":132,"column":81}},{"start":{"line":133,"column":6},"end":{"line":133,"column":10}}]},"6":{"loc":{"start":{"line":136,"column":25},"end":{"line":138,"column":10}},"type":"cond-expr","locations":[{"start":{"line":137,"column":6},"end":{"line":137,"column":81}},{"start":{"line":138,"column"
[...]
umn":27},"end":{"line":154,"column":61}},"55":{"start":{"line":156,"column":4},"end":{"line":159,"column":7}},"56":{"start":{"line":161,"column":4},"end":{"line":161,"column":87}},"57":{"start":{"line":163,"column":4},"end":{"line":163,"column":53}},"58":{"start":{"line":164,"column":4},"end":{"line":164,"column":72}},"59":{"start":{"line":114,"column":13},"end":{"line":114,"column":30}},"60":{"start":{"line":168,"column":26},"end":{"line":213,"column":1}},"61":{"start":{"line":169,"column":2},"end":{"line":212,"column":3}},"62":{"start":{"line":170,"column":21},"end":{"line":170,"column":35}},"63":{"start":{"line":172,"column":4},"end":{"line":175,"column":5}},"64":{"start":{"line":173,"column":6},"end":{"line":173,"column":86}},"65":{"start":{"line":174,"column":6},"end":{"line":174,"column":13}},"66":{"start":{"line":177,"column":4},"end":{"line":180,"column":5}},"67":{"start":{"line":178,"column":6},"end":{"line":178,"column":87}},"68":{"start":{"line":179,"column":6},"end":{"line":179,"column":13}},"69":{"start":{"line":182,"column":20},"end":{"line":206,"column":6}},"70":{"start":{"line":208,"column":4},"end":{"line":208,"column":59}},"71":{"start":{"line":210,"column":4},"end":{"line":210,"column":52}},"72":{"start":{"line":211,"column":4},"end":{"line":211,"column":72}},"73":{"start":{"line":168,"column":13},"end":{"line":168,"column":26}},"74":{"start":{"line":215,"column":27},"end":{"line":241,"column":1}},"75":{"start":{"line":216,"column":2},"end":{"line":240,"column":3}},"76":{"start":{"line":217,"column":19},"end":{"line":217,"column":29}},"77":{"start":{"line":219,"column":17},"end":{"line":229,"column":6}},"78":{"start":{"line":231,"column":4},"end":{"line":234,"column":5}},"79":{"start":{"line":232,"column":6},"end":{"line":232,"column":81}},"80":{"start":{"line":233,"column":6},"end":{"line":233,"column":13}},"81":{"start":{"line":236,"column":4},"end":{"line":236,"column":56}},"82":{"start":{"line":238,"column":4},"end":{"line":238,"column":54}},"83":{"start":{"line":239,"column":4},"end":{"line":239,"column":72}},"84":{"start":{"line":215,"column":13},"end":{"line":215,"column":27}},"85":{"start":{"line":243,"column":34},"end":{"line":297,"column":1}},"86":{"start":{"line":244,"column":2},"end":{"line":296,"column":3}},"87":{"start":{"line":245,"column":19},"end":{"line":245,"column":32}},"88":{"start":{"line":246,"column":4},"end":{"line":249,"column":5}},"89":{"start":{"line":247,"column":6},"end":{"line":247,"column":69}},"90":{"start":{"line":248,"column":6},"end":{"line":248,"column":13}},"91":{"start":{"line":251,"column":18},"end":{"line":251,"column":34}},"92":{"start":{"line":252,"column":4},"end":{"line":255,"column":5}},"93":{"start":{"line":253,"column":6},"end":{"line":253,"column":77}},"94":{"start":{"line":254,"column":6},"end":{"line":254,"column":13}},"95":{"start":{"line":257,"column":19},"end":{"line":262,"column":6}},"96":{"start":{"line":264,"column":28},"end":{"line":266,"column":6}},"97":{"start":{"line":269,"column":4},"end":{"line":290,"column":5}},"98":{"start":{"line":270,"column":6},"end":{"line":275,"column":7}},"99":{"start":{"line":271,"column":25},"end":{"line":271,"column":93}},"100":{"start":{"line":272,"column":8},"end":{"line":274,"column":9}},"101":{"start":{"line":273,"column":10},"end":{"line":273,"column":98}},"102":{"start":{"line":277,"column":6},"end":{"line":280,"column":9}},"103":{"start":{"line":282,"column":6},"end":{"line":289,"column":9}},"104":{"start":{"line":292,"column":4},"end":{"line":292,"column":84}},"105":{"start":{"line":294,"column":4},"end":{"line":294,"column":53}},"106":{"start":{"line":295,"column":4},"end":{"line":295,"column":72}},"107":{"start":{"line":243,"column":13},"end":{"line":243,"column":34}}},"fnMap":{"0":{"name":"(anonymous_1)","decl":{"start":{"line":7,"column":28},"end":{"line":7,"column":33}},"loc":{"start":{"line":7,"column":85},"end":{"line":51,"column":1}}},"1":{"name":"(anonymous_2)","decl":{"start":{"line":53,"column":31},"end":{"line":53,"column":36}},"loc":{"start":{"line":53,"column":88},"end":{"line":112,"column":1}}},"2":{"name":"(anonymous_3)","decl":{"start":{"line":114,"column":30},"end":{"line":114,"column":35}},"loc":{"start":{"line":114,"column":87},"end":{"line":166,"column":1}}},"3":{"name":"(anonymous_4)","decl":{"start":{"line":168,"column":26},"end":{"line":168,"column":31}},"loc":{"start":{"line":168,"column":83},"end":{"line":213,"column":1}}},"4":{"name":"(anonymous_5)","decl":{"start":{"line":215,"column":27},"end":{"line":215,"column":32}},"loc":{"start":{"line":215,"column":84},"end":{"line":241,"column":1}}},"5":{"name":"(anonymous_6)","decl":{"start":{"line":243,"column":34},"end":{"line":243,"column":39}},"loc":{"start":{"line":243,"column":91},"end":{"line":297,"column":1}}},"6":{"name":"(anonymous_7)","decl":{"start":{"line":273,"column":88},"end":{"line":273,"column":91}},"loc":{"start":{"line":273,"column":93},"end":{"line":273,"column":96}}}},"branchMap":{"0":{"loc":{"start":{"line":10,"column":4},"end":{"line":13,"column":5}},"type":"if","locations":[{"start":{"line":10,"column":4},"end":{"line":13,"column":5}},{"start":{},"end":{}}]},"1":{"loc":{"start":{"line":41,"column":4},"end":{"line":44,"column":5}},"type":"if","locations":[{"start":{"line":41,"column":4},"end":{"line":44,"column":5}},{"start":{},"end":{}}]},"2":{"loc":{"start":{"line":56,"column":4},"end":{"line":59,"column":5}},"type":"if","locations":[{"start":{"line":56,"column":4},"end":{"line":59,"column":5}},{"start":{},"end":{}}]},"3":{"loc":{"start":{"line":77,"column":4},"end":{"line":105,"column":5}},"type":"if","locations":[{"start":{"line":77,"column":4},"end":{"line":105,"column":5}},{"start":{"line":91,"column":11},"end":{"line":105,"column":5}}]},"4":{"loc":{"start":{"line":81,"column":14},"end":{"line":81,"column":40}},"type":"binary-expr","locations":[{"start":{"line":81,"column":14},"end":{"line":81,"column":23}},{"start":{"line":81,"column":27},"end":{"line":81,"column":40}}]},"5":{"loc":{"start":{"line":82,"column":14},"end":{"line":82,"column":38}},"type":"binary-expr","locations":[{"start":{"line":82,"column":14},"end":{"line":82,"column":22}},{"start":{"line":82,"column":26},"end":{"line":82,"column":38}}]},"6":{"loc":{"start":{"line":83,"column":14},"end":{"line":83,"column":46}},"type":"binary-expr","locations":[{"start":{"line":83,"column":14},"end":{"line":83,"column":33}},{"start":{"line":83,"column":37},"end":{"line":83,"column":46}}]},"7":{"loc":{"start":{"line":84,"column":14},"end":{"line":84,"column":67}},"type":"binary-expr","locations":[{"start":{"line":84,"column":14},"end":{"line":84,"column":25}},{"start":{"line":84,"column":29},"end":{"line":84,"column":67}}]},"8":{"loc":{"start":{"line":85,"column":14},"end":{"line":85,"column":34}},"type":"binary-expr","locations":[{"start":{"line":85,"column":14},"end":{"line":85,"column":20}},{"start":{"line":85,"column":24},"end":{"line":85,"column":34}}]},"9":{"loc":{"start":{"line":86,"column":14},"end":{"line":86,"column":58}},"type":"binary-expr","locations":[{"start":{"line":86,"column":14},"end":{"line":86,"column":39}},{"start":{"line":86,"column":43},"end":{"line":86,"column":58}}]},"10":{"loc":{"start":{"line":87,"column":14},"end":{"line":87,"column":34}},"type":"binary-expr","locations":[{"start":{"line":87,"column":14},"end":{"line":87,"column":20}},{"start":{"line":87,"column":24},"end":{"line":87,"column":34}}]},"11":{"loc":{"start":{"line":88,"column":14},"end":{"line":88,"column":34}},"type":"binary-expr","locations":[{"start":{"line":88,"column":14},"end":{"line":88,"column":20}},{"start":{"line":88,"column":24},"end":{"line":88,"column":34}}]},"12":{"loc":{"start":{"line":95,"column":21},"end":{"line":95,"column":36}},"type":"binary-expr","locations":[{"start":{"line":95,"column":21},"end":{"line":95,"column":30}},{"start":{"line":95,"column":34},"end":{"line":95,"column":36}}]},"13":{"loc":{"start":{"line":96,"column":20},"end":{"line":96,"column":34}},"type":"binary-expr","locations":[{"start":{"line":96,"column":20},"end":{"line":96,"column":28}},{"start":{"line":96,"column":32},"end":{"line":96,"column":34}}]},"14":{"loc":{"start":{"line":98,"column":23},"end":{"line":98,"column":70}},"type":"cond-expr","locations":[{"start":{"line":98,"column":37},"end":{"line":98,"column":58}},{"start":{"line":98,"column":61},"end":{"line":98,"column":70}}]},"15":{"loc":{"start":{"line":117,"column":4},"end":{"line":120,"column":5}},"type":"if","locations":[{"start":{"line":117,"column":4},"end":{"line":120,"column":5}},{"start":{},"end":{}}]},"16":{"loc":{"start":{"line":127,"column":4},"end":{"line":130,"column":5}},"type":"if","locations":[{"start":{"line":127,"column":4},"end":{"line":130,"column":5}},{"start":{},"end":{}}]},"17":{"loc":{"start":{"line":127,"column":8},"end":{"line":127,"column":40}},"type":"binary-expr","locations":[{"start":{"line":127,"column":8},"end":{"line":127,"column":24}},{"start":{"line":127,"column":28},"end":{"line":127,"column":40}}]},"18":{"loc":{"start":{"line":133,"column":4},"end":{"line":136,"column":5}},"type":"if","locations":[{"start":{"line":133,"column":4},"end":{"line":136,"column":5}},{"start":{},"end":{}}]},"19":{"loc":{"start":{"line":143,"column":4},"end":{"line":146,"column":5}},"type":"if","locations":[{"start":{"line":143,"column":4},"end":{"line":146,"column":5}},{"start":{},"end":{}}]},"20":{"loc":{"start":{"line":149,"column":4},"end":{"line":152,"column":5}},"type":"if","locations":[{"start":{"line":149,"column":4},"end":{"line":152,"column":5}},{"start":{},"end":{}}]},"21":{"loc":{"start":{"line":172,"column":4},"end":{"line":175,"column":5}},"type":"if","locations":[{"start":{"line":172,"column":4},"end":{"line":175,"column":5}},{"start":{},"end":{}}]},"22":{"loc":{"start":{"line":177,"column":4},"end":{"line":180,"column":5}},"type":"if","locations":[{"start":{"line":177,"column":4},"end":{"line":180,"column":5}},{"start":{},"end":{}}]},"23":{"loc":{"start":{"line":231,"column":4},"end":{"line":234,"column":5}},"type":"if","locations":[{"start":{"line":231,"column":4},"end":{"line":234,"column":5}},{"start":{},"end":{}}]},"24":{"loc":{"start":{"line":246,"column":4},"end":{"line":249,"column":5}},"type":"if","locations":[{"start":{"line":246,"column":4},"end":{"line":249,"column":5}},{"start":{},"end":{}}]},"25":{"loc":{"start":{"line":252,"column":4},"end":{"line":255,"column":5}},"type":"if","locations":[{"start":{"line":252,"column":4},"end":{"line":255,"column":5}},{"start":{},"end":{}}]},"26":{"loc":{"start":{"line":252,"column":8},"end":{"line":252,"column":27}},"type":"binary-expr","locations":[{"start":{"line":252,"column":8},"end":{"line":252,"column":13}},{"start":{"line":252,"column":17},"end":{"line":252,"column":27}}]},"27":{"loc":{"start":{"line":269,"column":4},"end":{"line":290,"column":5}},"type":"if","locations":[{"start":{"line":269,"column":4},"end":{"line":290,"column":5}},{"start":{"line":281,"column":11},"end":{"line":290,"column":5}}]},"28":{"loc":{"start":{"line":270,"column":6},"end":{"line":275,"column":7}},"type":"if","locations":[{"start":{"line":270,"column":6},"end":{"line":275,"column":7}},{"start":{},"end":{}}]},"29":{"loc":{"start":{"line":272,"column":8},"end":{"line":274,"column":9}},"type":"if","locations":[{"start":{"line":272,"column":8},"end":{"line":274,"column":9}},{"start":{},"end":{}}]}},"s":{"0":2,"1":2,"2":2,"3":2,"4":0,"5":0,"6":0,"7":0,"8":0,"9":0,"10":0,"11":0,"12":0,"13":0,"14":0,"15":0,"16":2,"17":2,"18":0,"19":0,"20":0,"21":0,"22":0,"23":0,"24":0,"25":0,"26":0,"27":0,"28":0,"29":0,"30":0,"31":2,"32":2,"33":0,"34":0,"35":0,"36":0,"37":0,"38":0,"39":0,"40":0,"41":0,"42":0,"43":0,"44":0,"45":0,"46":0,"47":0,"48":0,"49":0,"50":0,"51":0,"52":0,"53":0,"54":0,"55":0,"56":0,"57":0,"58":0,"59":2,"60":2,"61":0,"62":0,"63":0,"64":0,"65":0,"66":0,"67":0,"68":0,"69":0,"70":0,"71":0,"72":0,"73":2,"74":2,"75":0,"76":0,"77":0,"78":0,"79":0,"80":0,"81":0,"82":0,"83":0,"84":2,"85":2,"86":0,"87":0,"88":0,"89":0,"90":0,"91":0,"92":0,"93":0,"94":0,"95":0,"96":0,"97":0,"98":0,"99":0,"100":0,"101":0,"102":0,"103":0,"104":0,"105":0,"106":0,"107":2},"f":{"0":0,"1":0,"2":0,"3":0,"4":0,"5":0,"6":0},"b":{"0":[0,0],"1":[0,0],"2":[0,0],"3":[0,0],"4":[0,0],"5":[0,0],"6":[0,0],"7":[0,0],"8":[0,0],"9":[0,0],"10":[0,0],"11":[0,0],"12":[0,0],"13":[0,0],"14":[0,0],"15":[0,0],"16":[0,0],"17":[0,0],"18":[0,0],"19":[0,0],"20":[0,0],"21":[0,0],"22":[0,0],"23":[0,0],"24":[0,0],"25":[0,0],"26":[0,0],"27":[0,0],"28":[0,0],"29":[0,0]}}
,"C:\\Users\\FURKAN\\Desktop\\yasin-karakurt\\yasin-karakurt-backend\\src\\modules\\users\\user.routes.ts": {"path":"C:\\Users\\FURKAN\\Desktop\\yasin-karakurt\\yasin-karakurt-backend\\src\\modules\\users\\user.routes.ts","statementMap":{"0":{"start":{"line":1,"column":0},"end":{"line":1,"column":33}},"1":{"start":{"line":2,"column":0},"end":{"line":2,"column":127}},"2":{"start":{"line":3,"column":0},"end":{"line":3,"column":67}},"3":{"start":{"line":4,"column":0},"end":{"line":4,"column":75}},"4":{"start":{"line":5,"column":0},"end":{"line":5,"column":49}},"5":{"start":{"line":7,"column":15},"end":{"line":7,"column":23}},"6":{"start":{"line":9,"column":0},"end":{"line":9,"column":80}},"7":{"start":{"line":10,"column":0},"end":{"line":10,"column":52}},"8":{"start":{"line":11,"column":0},"end":{"line":11,"column":51}},"9":{"start":{"line":12,"column":0},"end":{"line":12,"column":56}},"10":{"start":{"line":13,"column":0},"end":{"line":13,"column":90}},"11":{"start":{"line":14,"column":0},"end":{"line":14,"column":54}},"12":{"start":{"line":15,"column":0},"end":{"line":15,"column":77}},"13":{"start":{"line":17,"column":0},"end":{"line":17,"column":22}}},"fnMap":{},"branchMap":{},"s":{"0":2,"1":2,"2":2,"3":2,"4":2,"5":2,"6":2,"7":2,"8":2,"9":2,"10":2,"11":2,"12":2,"13":2},"f":{},"b":{}}
,"C:\\Users\\FURKAN\\Desktop\\yasin-karakurt\\yasin-karakurt-backend\\src\\modules\\water\\water.controller.ts": {"path":"C:\\Users\\FURKAN\\Desktop\\yasin-karakurt\\yasin-karakurt-backend\\src\\modules\\water\\water.controller.ts","statementMap":{"0":{"start":{"line":2,"column":0},"end":{"line":2,"column":47}},"1":{"start":{"line":5,"column":24},"end":{"line":28,"column":1}},"2":{"start":{"line":6,"column":2},"end":{"line":27,"column":3}},"3":{"start":{"line":7,"column":19},"end":{"line":7,"column":32}},"4":{"start":{"line":8,"column":4},"end":{"line":11,"column":5}},"5":{"start":{"line":9,"column":6},"end":{"line":9,"column":69}},"6":{"start":{"line":10,"column":6},"end":{"line":10,"column":13}},"7":{"start":{"line":13,"column":23},"end":{"line":13,"column":53}},"8":{"start":{"line":14,"column":24},"end":{"line":14,"column":45}},"9":{"start":{"line":16,"column":4},"end":{"line":21,"column":7}},"10":{"start":{"line":23,"column":4},"end":{"line":23,"column":71}},"11":{"start":{"line":25,"column":4},"end":{"line":25,"column":48}},"12":{"start":{"line":26,"column":4},"end":{"line":26,"column":72}},"13":{"start":{"line":5,"column":13},"end":{"line":5,"column":24}},"14":{"start":{"line":30,"column":29},"end":{"line":61,"column":1}},"15":{"start":{"line":31,"column":2},"end":{"line":60,"column":3}},"16":{"start":{"line":32,"column":19},"end":{"line":32,"column":32}},"17":{"start":{"line":33,"column":4},"end":{"line":36,"column":5}},"18":{"start":{"line":34,"column":6},"end":{"line":34,"column":69}},"19":{"start":{"line":35,"column":6},"end":{"line":35,"column":13}},"20":{"start":{"line":38,"column":18},"end":{"line":38,"column":28}},"21":{"start":{"line":39,"column":4},"end":{"line":39,"column":31}},"22":{"start":{"line":41,"column":19},"end":{"line":49,"column":6}},"23":{"start":{"line":51,"column":4},"end":{"line":56,"column":7}},"24":{"start":{"line":58,"column":4},"end":{"line":58,"column":45}},"25":{"start":{"line":59,"column":4},"end":{"line":59,"column":72}},"26":{"start":{"line":30,"column":13},"end":{"line":30,"column":29}}},"fnMap":{"0":{"name":"(anonymous_0)","decl":{"start":{"line":5,"column":24},"end":{"line":5,"column":29}},"loc":{"start":{"line":5,"column":81},"end":{"line":28,"column":1}}},"1":{"name":"(anonymous_1)","decl":{"start":{"line":30,"column":29},"end":{"line":30,"column":34}},"loc":{"start":{"line":30,"column":86},"end":{"line":61,"column":1}}}},"branchMap":{"0":{"loc":{"start":{"line":8,"column":4},"end":{"line":11,"column":5}},"type":"if","locations":[{"start":{"line":8,"column":4},"end":{"line":11,"column":5}},{"start":{},"end":{}}]},"1":{"loc":{"start":{"line":14,"column":24},"end":{"line":14,"column":45}},"type":"binary-expr","locations":[{"start":{"line":14,"column":24},"end":{"line":14,"column":38}},{"start":{"line":14,"column":42},"end":{"line":14,"column":45}}]},"2":{"loc":{"start":{"line":33,"column":4},"end":{"line":36,"column":5}},"type":"if","locations":[{"start":{"line":33,"column":4},"end":{"line":36,"column":5}},{"start":{},"end":{}}]},"3":{"loc":{"start":{"line":54,"column":15},"end":{"line":54,"column":38}},"type":"binary-expr","locations":[{"start":{"line":54,"column":15},"end":{"line":54,"column":33}},{"start":{"line":54,"column":37},"end":{"line":54,"column":38}}]}},"s":{"0":2,"1":2,"2":0,"3":0,"4":0,"5":0,"6":0,"7":0,"8":0,"9":0,"10":0,"11":0,"12":0,"13":2,"14":2,"15":0,"16":0,"17":0,"18":0,"19":0,"20":0,"21":0,"22":0,"23":0,"24":0,"25":0,"26":2},"f":{"0":0,"1":0},"b":{"0":[0,0],"1":[0,0],"2":[0,0],"3":[0,0]}}
,"C:\\Users\\FURKAN\\Desktop\\yasin-karakurt\\yasin-karakurt-backend\\src\\modules\\water\\water.routes.ts": {"path":"C:\\Users\\FURKAN\\Desktop\\yasin-karakurt\\yasin-karakurt-backend\\src\\modules\\water\\water.routes.ts","statementMap":{"0":{"start":{"line":1,"column":0},"end":{"line":1,"column":33}},"1":{"start":{"line":2,"column":0},"end":{"line":2,"column":61}},"2":{"start":{"line":3,"column":0},"end":{"line":3,"column":64}},"3":{"start":{"line":5,"column":15},"end":{"line":5,"column":23}},"4":{"start":{"line":7,"column":0},"end":{"line":7,"column":44}},"5":{"start":{"line":8,"column":0},"end":{"line":8,"column":50}},"6":{"start":{"line":10,"column":0},"end":{"line":10,"column":22}}},"fnMap":{},"branchMap":{},"s":{"0":2,"1":2,"2":2,"3":2,"4":2,"5":2,"6":2},"f":{},"b":{}}
,"C:\\Users\\FURKAN\\Desktop\\yasin-karakurt\\yasin-karakurt-backend\\src\\routes\\index.ts": {"path":"C:\\Users\\FURKAN\\Desktop\\yasin-karakurt\\yasin-karakurt-backend\\src\\routes\\index.ts","statementMap":{"0":{"start":{"line":1,"column":0},"end":{"line":1,"column":33}},"1":{"start":{"line":2,"column":0},"end":{"line":2,"column":53}},"2":{"start":{"line":3,"column":0},"end":{"line":3,"column":63}},"3":{"start":{"line":4,"column":0},"end":{"line":4,"column":54}},"4":{"start":{"line":5,"column":0},"end":{"line":5,"column":63}},"5":{"start":{"line":6,"column":0},"end":{"line":6,"column":78}},"6":{"start":{"line":7,"column":0},"end":{"line":7,"column":68}},"7":{"start":{"line":8,"column":0},"end":{"line":8,"column":56}},"8":{"start":{"line":9,"column":0},"end":{"line":9,"column":56}},"9":{"start":{"line":10,"column":0},"end":{"line":10,"column":78}},"10":{"start":{"line":11,"column":0},"end":{"line":11,"column":61}},"11":{"start":{"line":13,"column":15},"end":{"line":13,"column":23}},"12":{"start":{"line":15,"column":0},"end":{"line":15,"column":32}},"13":{"start":{"line":16,"column":0},"end":{"line":16,"column":39}},"14":{"start":{"line":17,"column":0},"end":{"line":17,"column":33}},"15":{"start":{"line":18,"column":0},"end":{"line":18,"column":39}},"16":{"start":{"line":19,"column":0},"end":{"line":19,"column":49}},"17":{"start":{"line":20,"column":0},"end":{"line":20,"column":42}},"18":{"start":{"line":21,"column":0},"end":{"line":21,"column":34}},"19":{"start":{"line":22,"column":0},"end":{"line":22,"column":34}},"20":{"start":{"line":23,"column":0},"end":{"line":23,"column":64}},"21":{"start":{"line":25,"column":0},"end":{"line":25,"column":22}}},"fnMap":{},"branchMap":{},"s":{"0":2,"1":2,"2":2,"3":2,"4":2,"5":2,"6":2,"7":2,"8":2,"9":2,"10":2,"11":2,"12":2,"13":2,"14":2,"15":2,"16":2,"17":2,"18":2,"19":2,"20":2,"21":2},"f":{},"b":{}}
}
